#
# A fatal error has been detected by the Java Runtime Environment:
#
#  SIGILL (0x4) at pc=0x00007a83dc625af8, pid=8538, tid=8558
#
# JRE version: OpenJDK Runtime Environment (17.0.17+10) (build 17.0.17+10-Debian-1deb12u1)
# Java VM: OpenJDK 64-Bit Server VM (17.0.17+10-Debian-1deb12u1, mixed mode, sharing, tiered, compressed oops, compressed class ptrs, g1 gc, linux-amd64)
# Problematic frame:
# C  [libigd12umd64.so+0x25af8]
#
# Core dump will be written. Default location: Core dumps may be processed with "/wsl-capture-crash %t %E %p %s" (or dumping to /home/nael_guerard/DESIGN_PATTERN/BRIDGE/core.8538)
#
# If you would like to submit a bug report, please visit:
#   https://bugs.debian.org/openjdk-17
# The crash happened outside the Java Virtual Machine in native code.
# See problematic frame for where to report the bug.
#

---------------  S U M M A R Y ------------

Command Line: --module-path=/usr/share/openjfx/lib --add-modules=javafx.controls com.pay.PaymentApp

Host: Intel(R) Celeron(R) N4020 CPU @ 1.10GHz, 2 cores, 1G, Debian GNU/Linux 12 (bookworm)
Time: Tue Feb  3 11:18:07 2026 CET elapsed time: 1.675611 seconds (0d 0h 0m 1s)

---------------  T H R E A D  ---------------

Current thread (0x00007a845417a850):  JavaThread "QuantumRenderer-0" daemon [_thread_in_native, id=8558, stack(0x00007a843d0fe000,0x00007a843d1fe000)]

Stack: [0x00007a843d0fe000,0x00007a843d1fe000],  sp=0x00007a843d1f87c0,  free space=1001k
Native frames: (J=compiled Java code, j=interpreted, Vv=VM code, C=native code)
C  [libigd12umd64.so+0x25af8]

Java frames: (J=compiled Java code, j=interpreted, Vv=VM code)
j  com.sun.prism.es2.X11GLFactory.nInitialize([I)J+0 javafx.graphics
j  com.sun.prism.es2.X11GLFactory.initialize(Ljava/lang/Class;Lcom/sun/prism/es2/GLPixelFormat$Attributes;)Z+73 javafx.graphics
j  com.sun.prism.es2.ES2Pipeline.<clinit>()V+49 javafx.graphics
v  ~StubRoutines::call_stub
j  java.lang.Class.forName0(Ljava/lang/String;ZLjava/lang/ClassLoader;Ljava/lang/Class;)Ljava/lang/Class;+0 java.base@17.0.17
j  java.lang.Class.forName(Ljava/lang/String;)Ljava/lang/Class;+11 java.base@17.0.17
j  com.sun.prism.GraphicsPipeline.createPipeline()Lcom/sun/prism/GraphicsPipeline;+180 javafx.graphics
j  com.sun.javafx.tk.quantum.QuantumRenderer$PipelineRunnable.init()V+0 javafx.graphics
j  com.sun.javafx.tk.quantum.QuantumRenderer$PipelineRunnable.run()V+1 javafx.graphics
j  java.lang.Thread.run()V+11 java.base@17.0.17
v  ~StubRoutines::call_stub

siginfo: si_signo: 4 (SIGILL), si_code: 2 (ILL_ILLOPN), si_addr: 0x00007a83dc625af8

Registers:
RAX=0x00007a83dceb0c10, RBX=0x00007a83dceb0c18, RCX=0x00007a83dcec8dd0, RDX=0x00007fff659930e0
RSP=0x00007a843d1f87c0, RBP=0x00007a843d1fa040, RSI=0x00007fff65993098, RDI=0x0000000000000008
R8 =0x0000000000000007, R9 =0x00007a83c00c11f0, R10=0xfee8450ac9c01c8b, R11=0x00007a83c00c11f0
R12=0x00007fff65993098, R13=0x00007fff659930e0, R14=0x00007a83dceb0c48, R15=0x0000000000000000
RIP=0x00007a83dc625af8, EFLAGS=0x0000000000010206, CSGSFS=0x002b000000000033, ERR=0x0000000000000000
  TRAPNO=0x0000000000000006

XMM[0]=0x00007fff659930e0 0x00007fff65993098
XMM[1]=0x00007a8454028ba8 0x00007a8454002588
XMM[2]=0x0000000000000000 0x00007a83c0047a48
XMM[3]=0x00007a84540c17a8 0x00007a84540a81f8
XMM[4]=0x6c6d6179376c6d61 0x79346d766c6c344e
XMM[5]=0x0000000000000000 0x0000000000000c60
XMM[6]=0x0000000000000000 0x0000000000020238
XMM[7]=0x5f646769692f7372 0x65766972642f6c73
XMM[8]=0x00007a83dd4affe0 0x00007a83dd4afb00
XMM[9]=0x2000202000000000 0x0000000000000000
XMM[10]=0x0000000000000000 0x0a0d00360a020015
XMM[11]=0x0000000000000000 0x2d00070800070600
XMM[12]=0x0000000000000000 0x80deb1fe72be5d74
XMM[13]=0x0000000000000000 0x12835b01d807aa98
XMM[14]=0x0000000000000000 0x59f111f13956c25b
XMM[15]=0x0000000000000000 0x71374491428a2f98
  MXCSR=0x00001fa0


Register to memory mapping:

RAX=0x00007a83dceb0c10: <offset 0x00000000008b0c10> in /usr/lib/wsl/drivers/iigd_dch.inf_amd64_0a2eb8dac923ec42/libigd12umd64.so at 0x00007a83dc600000
RBX=0x00007a83dceb0c18: <offset 0x00000000008b0c18> in /usr/lib/wsl/drivers/iigd_dch.inf_amd64_0a2eb8dac923ec42/libigd12umd64.so at 0x00007a83dc600000
RCX=0x00007a83dcec8dd0: <offset 0x00000000008c8dd0> in /usr/lib/wsl/drivers/iigd_dch.inf_amd64_0a2eb8dac923ec42/libigd12umd64.so at 0x00007a83dc600000
RDX=0x00007fff659930e0 points into unknown readable memory: 0x00007fff659950e6 | e6 50 99 65 ff 7f 00 00
RSP=0x00007a843d1f87c0 is pointing into the stack for thread: 0x00007a845417a850
RBP=0x00007a843d1fa040 is pointing into the stack for thread: 0x00007a845417a850
RSI=0x00007fff65993098 points into unknown readable memory: 0x00007fff65995083 | 83 50 99 65 ff 7f 00 00
RDI=0x0000000000000008 is an unknown value
R8 =0x0000000000000007 is an unknown value
R9 =0x00007a83c00c11f0 points into unknown readable memory: 0x00007a845c2d0a10 | 10 0a 2d 5c 84 7a 00 00
R10=0xfee8450ac9c01c8b is an unknown value
R11=0x00007a83c00c11f0 points into unknown readable memory: 0x00007a845c2d0a10 | 10 0a 2d 5c 84 7a 00 00
R12=0x00007fff65993098 points into unknown readable memory: 0x00007fff65995083 | 83 50 99 65 ff 7f 00 00
R13=0x00007fff659930e0 points into unknown readable memory: 0x00007fff659950e6 | e6 50 99 65 ff 7f 00 00
R14=0x00007a83dceb0c48: <offset 0x00000000008b0c48> in /usr/lib/wsl/drivers/iigd_dch.inf_amd64_0a2eb8dac923ec42/libigd12umd64.so at 0x00007a83dc600000
R15=0x0 is NULL


Top of Stack: (sp=0x00007a843d1f87c0)
0x00007a843d1f87c0:   0000000000000000 0000000000000000
0x00007a843d1f87d0:   0000000000000000 0000000000000000
0x00007a843d1f87e0:   0000000000000000 0000000000000000
0x00007a843d1f87f0:   0000000000000000 0000000000000000
0x00007a843d1f8800:   0000000000000000 0000000000000000
0x00007a843d1f8810:   0000000000000000 0000000000000000
0x00007a843d1f8820:   0000000000000000 0000000000000000
0x00007a843d1f8830:   0000000000000000 0000000000000000
0x00007a843d1f8840:   0000000000000000 0000000000000000
0x00007a843d1f8850:   0000000000000000 0000000000000000
0x00007a843d1f8860:   0000000000000000 0000000000000000
0x00007a843d1f8870:   0000000000000000 0000000000000000
0x00007a843d1f8880:   0000000000000000 0000000000000000
0x00007a843d1f8890:   0000000000000000 0000000000000000
0x00007a843d1f88a0:   0000000000000000 0000000000000000
0x00007a843d1f88b0:   0000000000000000 0000000000000000
0x00007a843d1f88c0:   0000000000000000 0000000000000000
0x00007a843d1f88d0:   0000000000000000 0000000000000000
0x00007a843d1f88e0:   0000000000000000 0000000000000000
0x00007a843d1f88f0:   0000000000000000 0000000000000000
0x00007a843d1f8900:   0000000000000000 0000000000000000
0x00007a843d1f8910:   0000000000000000 0000000000000000
0x00007a843d1f8920:   0000000000000000 0000000000000000
0x00007a843d1f8930:   0000000000000000 0000000000000000
0x00007a843d1f8940:   0000000000000000 0000000000000000
0x00007a843d1f8950:   0000000000000000 0000000000000000
0x00007a843d1f8960:   0000000000000000 0000000000000000
0x00007a843d1f8970:   0000000000000000 0000000000000000
0x00007a843d1f8980:   0000000000000000 0000000000000000
0x00007a843d1f8990:   0000000000000000 0000000000000000
0x00007a843d1f89a0:   0000000000000000 0000000000000000
0x00007a843d1f89b0:   0000000000000000 0000000000000000 

Instructions: (pc=0x00007a83dc625af8)
0x00007a83dc6259f8:   8d 3d d2 41 98 00 48 89 fe ba 03 00 00 00 ff d0
0x00007a83dc625a08:   48 8b 05 b1 41 98 00 48 85 c0 74 11 48 8d 3d 95
0x00007a83dc625a18:   41 98 00 48 89 fe ba 03 00 00 00 ff d0 48 8b 05
0x00007a83dc625a28:   74 41 98 00 48 85 c0 74 11 48 8d 3d 58 41 98 00
0x00007a83dc625a38:   48 89 fe ba 03 00 00 00 ff d0 48 8b 05 37 41 98
0x00007a83dc625a48:   00 48 85 c0 74 11 48 8d 3d 1b 41 98 00 48 89 fe
0x00007a83dc625a58:   ba 03 00 00 00 ff d0 48 8b 05 fa 40 98 00 48 85
0x00007a83dc625a68:   c0 74 11 48 8d 3d de 40 98 00 48 89 fe ba 03 00
0x00007a83dc625a78:   00 00 ff d0 48 8b 05 bd 40 98 00 48 85 c0 74 11
0x00007a83dc625a88:   48 8d 3d a1 40 98 00 48 89 fe ba 03 00 00 00 ff
0x00007a83dc625a98:   d0 48 8b 05 80 40 98 00 48 85 c0 74 11 48 8d 3d
0x00007a83dc625aa8:   64 40 98 00 48 89 fe ba 03 00 00 00 ff d0 48 8b
0x00007a83dc625ab8:   05 43 40 98 00 48 85 c0 74 11 48 8d 3d 27 40 98
0x00007a83dc625ac8:   00 48 89 fe ba 03 00 00 00 ff d0 5d c3 48 89 c7
0x00007a83dc625ad8:   e8 f3 ea 04 00 0f 1f 00 55 48 89 e5 41 57 41 56
0x00007a83dc625ae8:   41 55 41 54 53 48 83 e4 e0 48 81 ec 40 18 00 00
0x00007a83dc625af8:   c5 fc 28 05 80 ed 44 00 c5 fc 11 05 40 36 97 00
0x00007a83dc625b08:   c5 fc 28 05 d0 e8 44 00 c5 fc 11 05 50 36 97 00
0x00007a83dc625b18:   c7 05 6e 36 97 00 00 00 00 00 48 c7 05 5b 36 97
0x00007a83dc625b28:   00 01 00 49 78 48 b8 01 00 49 78 01 00 00 00 48
0x00007a83dc625b38:   89 05 56 36 97 00 c7 05 54 36 97 00 00 00 00 00
0x00007a83dc625b48:   48 b8 01 00 49 78 02 00 00 00 48 89 05 47 36 97
0x00007a83dc625b58:   00 c7 05 45 36 97 00 00 00 00 00 48 b8 01 00 49
0x00007a83dc625b68:   78 03 00 00 00 48 89 05 38 36 97 00 c7 05 36 36
0x00007a83dc625b78:   97 00 00 00 00 00 c5 fc 28 05 1a ed 44 00 c5 fc
0x00007a83dc625b88:   11 05 2a 36 97 00 48 b8 00 00 21 00 09 00 15 78
0x00007a83dc625b98:   48 89 05 39 36 97 00 c5 e8 57 d2 c5 fc 11 15 35
0x00007a83dc625ba8:   36 97 00 c5 fc 28 05 0d ed 44 00 c5 fc 11 05 45
0x00007a83dc625bb8:   36 97 00 c7 05 5b 36 97 00 ff ff ff ff 48 b8 00
0x00007a83dc625bc8:   00 00 00 09 00 19 78 48 89 05 6e 36 97 00 b8 07
0x00007a83dc625bd8:   00 1b 78 c4 e1 f9 6e c0 c5 fd 7f 84 24 a0 00 00
0x00007a83dc625be8:   00 c5 fe 7f 05 33 36 97 00 c5 fc 11 15 53 36 97 


Stack slot to memory mapping:
stack at sp + 0 slots: 0x0 is NULL
stack at sp + 1 slots: 0x0 is NULL
stack at sp + 2 slots: 0x0 is NULL
stack at sp + 3 slots: 0x0 is NULL
stack at sp + 4 slots: 0x0 is NULL
stack at sp + 5 slots: 0x0 is NULL
stack at sp + 6 slots: 0x0 is NULL
stack at sp + 7 slots: 0x0 is NULL


---------------  P R O C E S S  ---------------

Threads class SMR info:
_java_thread_list=0x00007a845417b3b0, length=12, elements={
0x00007a84540184e0, 0x00007a845408f700, 0x00007a8454090ae0, 0x00007a84540960c0,
0x00007a8454097470, 0x00007a8454098880, 0x00007a845409a230, 0x00007a845409b760,
0x00007a845409cbd0, 0x00007a84540b24d0, 0x00007a84540f58e0, 0x00007a845417a850
}

Java Threads: ( => current thread )
  0x00007a84540184e0 JavaThread "main" [_thread_blocked, id=8539, stack(0x00007a845ae20000,0x00007a845af20000)]
  0x00007a845408f700 JavaThread "Reference Handler" daemon [_thread_blocked, id=8546, stack(0x00007a8458c12000,0x00007a8458d12000)]
  0x00007a8454090ae0 JavaThread "Finalizer" daemon [_thread_blocked, id=8547, stack(0x00007a8458b12000,0x00007a8458c12000)]
  0x00007a84540960c0 JavaThread "Signal Dispatcher" daemon [_thread_blocked, id=8548, stack(0x00007a8458700000,0x00007a8458800000)]
  0x00007a8454097470 JavaThread "Service Thread" daemon [_thread_blocked, id=8549, stack(0x00007a8458600000,0x00007a8458700000)]
  0x00007a8454098880 JavaThread "Monitor Deflation Thread" daemon [_thread_blocked, id=8550, stack(0x00007a8458500000,0x00007a8458600000)]
  0x00007a845409a230 JavaThread "C2 CompilerThread0" daemon [_thread_blocked, id=8551, stack(0x00007a8458400000,0x00007a8458500000)]
  0x00007a845409b760 JavaThread "C1 CompilerThread0" daemon [_thread_blocked, id=8552, stack(0x00007a8458300000,0x00007a8458400000)]
  0x00007a845409cbd0 JavaThread "Sweeper thread" daemon [_thread_blocked, id=8553, stack(0x00007a8458200000,0x00007a8458300000)]
  0x00007a84540b24d0 JavaThread "Common-Cleaner" daemon [_thread_blocked, id=8554, stack(0x00007a84580cf000,0x00007a84581cf000)]
  0x00007a84540f58e0 JavaThread "Notification Thread" daemon [_thread_blocked, id=8555, stack(0x00007a8453f00000,0x00007a8454000000)]
=>0x00007a845417a850 JavaThread "QuantumRenderer-0" daemon [_thread_in_native, id=8558, stack(0x00007a843d0fe000,0x00007a843d1fe000)]

Other Threads:
  0x00007a845408b690 VMThread "VM Thread" [stack: 0x00007a8458d13000,0x00007a8458e13000] [id=8545]
  0x00007a845401a9d0 WatcherThread [stack: 0x00007a843d300000,0x00007a843d400000] [id=8556]
  0x00007a8454044620 GCTaskThread "GC Thread#0" [stack: 0x00007a845963f000,0x00007a845973f000] [id=8540]
  0x00007a83d8004990 GCTaskThread "GC Thread#1" [stack: 0x00007a843d1ff000,0x00007a843d2ff000] [id=8557]
  0x00007a84540494c0 ConcurrentGCThread "G1 Main Marker" [stack: 0x00007a845953e000,0x00007a845963e000] [id=8541]
  0x00007a845404a430 ConcurrentGCThread "G1 Conc#0" [stack: 0x00007a845943d000,0x00007a845953d000] [id=8542]
  0x00007a8454067b20 ConcurrentGCThread "G1 Refine#0" [stack: 0x00007a845913a000,0x00007a845923a000] [id=8543]
  0x00007a8454068a20 ConcurrentGCThread "G1 Service" [stack: 0x00007a8459039000,0x00007a8459139000] [id=8544]

Threads with active compile tasks:

VM state: not at safepoint (normal execution)

VM Mutex/Monitor currently owned by a thread: None

Heap address: 0x00000000e3a00000, size: 454 MB, Compressed Oops mode: 32-bit

CDS archive(s) mapped at: [0x00007a83df000000-0x00007a83dfbca000-0x00007a83dfbca000), size 12361728, SharedBaseAddress: 0x00007a83df000000, ArchiveRelocationMode: 1.
Compressed class space mapped at: 0x00007a83e0000000-0x00007a8420000000, reserved size: 1073741824
Narrow klass base: 0x00007a83df000000, Narrow klass shift: 0, Narrow klass range: 0x100000000

GC Precious Log:
 CPUs: 2 total, 2 available
 Memory: 1814M
 Large Page Support: Disabled
 NUMA Support: Disabled
 Compressed Oops: Enabled (32-bit)
 Heap Region Size: 1M
 Heap Min Capacity: 8M
 Heap Initial Capacity: 30M
 Heap Max Capacity: 454M
 Pre-touch: Disabled
 Parallel Workers: 2
 Concurrent Workers: 1
 Concurrent Refinement Workers: 2
 Periodic GC: Disabled

Heap:
 garbage-first heap   total 32768K, used 4484K [0x00000000e3a00000, 0x0000000100000000)
  region size 1024K, 6 young (6144K), 1 survivors (1024K)
 Metaspace       used 1864K, committed 2048K, reserved 1114112K
  class space    used 192K, committed 256K, reserved 1048576K

Heap Regions: E=young(eden), S=young(survivor), O=old, HS=humongous(starts), HC=humongous(continues), CS=collection set, F=free, OA=open archive, CA=closed archive, TAMS=top-at-mark-start (previous, next)
|   0|0x00000000e3a00000, 0x00000000e3a00000, 0x00000000e3b00000|  0%| F|  |TAMS 0x00000000e3a00000, 0x00000000e3a00000| Untracked 
|   1|0x00000000e3b00000, 0x00000000e3b00000, 0x00000000e3c00000|  0%| F|  |TAMS 0x00000000e3b00000, 0x00000000e3b00000| Untracked 
|   2|0x00000000e3c00000, 0x00000000e3c00000, 0x00000000e3d00000|  0%| F|  |TAMS 0x00000000e3c00000, 0x00000000e3c00000| Untracked 
|   3|0x00000000e3d00000, 0x00000000e3d00000, 0x00000000e3e00000|  0%| F|  |TAMS 0x00000000e3d00000, 0x00000000e3d00000| Untracked 
|   4|0x00000000e3e00000, 0x00000000e3e00000, 0x00000000e3f00000|  0%| F|  |TAMS 0x00000000e3e00000, 0x00000000e3e00000| Untracked 
|   5|0x00000000e3f00000, 0x00000000e3f00000, 0x00000000e4000000|  0%| F|  |TAMS 0x00000000e3f00000, 0x00000000e3f00000| Untracked 
|   6|0x00000000e4000000, 0x00000000e4000000, 0x00000000e4100000|  0%| F|  |TAMS 0x00000000e4000000, 0x00000000e4000000| Untracked 
|   7|0x00000000e4100000, 0x00000000e4100000, 0x00000000e4200000|  0%| F|  |TAMS 0x00000000e4100000, 0x00000000e4100000| Untracked 
|   8|0x00000000e4200000, 0x00000000e4200000, 0x00000000e4300000|  0%| F|  |TAMS 0x00000000e4200000, 0x00000000e4200000| Untracked 
|   9|0x00000000e4300000, 0x00000000e4300000, 0x00000000e4400000|  0%| F|  |TAMS 0x00000000e4300000, 0x00000000e4300000| Untracked 
|  10|0x00000000e4400000, 0x00000000e4400000, 0x00000000e4500000|  0%| F|  |TAMS 0x00000000e4400000, 0x00000000e4400000| Untracked 
|  11|0x00000000e4500000, 0x00000000e4500000, 0x00000000e4600000|  0%| F|  |TAMS 0x00000000e4500000, 0x00000000e4500000| Untracked 
|  12|0x00000000e4600000, 0x00000000e4600000, 0x00000000e4700000|  0%| F|  |TAMS 0x00000000e4600000, 0x00000000e4600000| Untracked 
|  13|0x00000000e4700000, 0x00000000e4700000, 0x00000000e4800000|  0%| F|  |TAMS 0x00000000e4700000, 0x00000000e4700000| Untracked 
|  14|0x00000000e4800000, 0x00000000e4800000, 0x00000000e4900000|  0%| F|  |TAMS 0x00000000e4800000, 0x00000000e4800000| Untracked 
|  15|0x00000000e4900000, 0x00000000e4900000, 0x00000000e4a00000|  0%| F|  |TAMS 0x00000000e4900000, 0x00000000e4900000| Untracked 
|  16|0x00000000e4a00000, 0x00000000e4a00000, 0x00000000e4b00000|  0%| F|  |TAMS 0x00000000e4a00000, 0x00000000e4a00000| Untracked 
|  17|0x00000000e4b00000, 0x00000000e4b00000, 0x00000000e4c00000|  0%| F|  |TAMS 0x00000000e4b00000, 0x00000000e4b00000| Untracked 
|  18|0x00000000e4c00000, 0x00000000e4c00000, 0x00000000e4d00000|  0%| F|  |TAMS 0x00000000e4c00000, 0x00000000e4c00000| Untracked 
|  19|0x00000000e4d00000, 0x00000000e4d00000, 0x00000000e4e00000|  0%| F|  |TAMS 0x00000000e4d00000, 0x00000000e4d00000| Untracked 
|  20|0x00000000e4e00000, 0x00000000e4e00000, 0x00000000e4f00000|  0%| F|  |TAMS 0x00000000e4e00000, 0x00000000e4e00000| Untracked 
|  21|0x00000000e4f00000, 0x00000000e4f00000, 0x00000000e5000000|  0%| F|  |TAMS 0x00000000e4f00000, 0x00000000e4f00000| Untracked 
|  22|0x00000000e5000000, 0x00000000e5000000, 0x00000000e5100000|  0%| F|  |TAMS 0x00000000e5000000, 0x00000000e5000000| Untracked 
|  23|0x00000000e5100000, 0x00000000e5174040, 0x00000000e5200000| 45%| S|CS|TAMS 0x00000000e5100000, 0x00000000e5100000| Complete 
|  24|0x00000000e5200000, 0x00000000e5200000, 0x00000000e5300000|  0%| F|  |TAMS 0x00000000e5200000, 0x00000000e5200000| Untracked 
|  25|0x00000000e5300000, 0x00000000e537d060, 0x00000000e5400000| 48%| E|  |TAMS 0x00000000e5300000, 0x00000000e5300000| Complete 
|  26|0x00000000e5400000, 0x00000000e5500000, 0x00000000e5500000|100%| E|  |TAMS 0x00000000e5400000, 0x00000000e5400000| Complete 
|  27|0x00000000e5500000, 0x00000000e5600000, 0x00000000e5600000|100%| E|CS|TAMS 0x00000000e5500000, 0x00000000e5500000| Complete 
|  28|0x00000000e5600000, 0x00000000e5700000, 0x00000000e5700000|100%| E|CS|TAMS 0x00000000e5600000, 0x00000000e5600000| Complete 
|  29|0x00000000e5700000, 0x00000000e5800000, 0x00000000e5800000|100%| E|CS|TAMS 0x00000000e5700000, 0x00000000e5700000| Complete 
| 452|0x00000000ffe00000, 0x00000000ffe75000, 0x00000000fff00000| 45%|OA|  |TAMS 0x00000000ffe00000, 0x00000000ffe00000| Untracked 
| 453|0x00000000fff00000, 0x00000000fff78000, 0x0000000100000000| 46%|CA|  |TAMS 0x00000000fff00000, 0x00000000fff00000| Untracked 

Card table byte_map: [0x00007a845a662000,0x00007a845a745000] _byte_map_base: 0x00007a8459f45000

Marking Bits (Prev, Next): (CMBitMap*) 0x00007a84540450b0, (CMBitMap*) 0x00007a84540450f0
 Prev Bits: [0x00007a8459e67000, 0x00007a845a57f000)
 Next Bits: [0x00007a845974f000, 0x00007a8459e67000)

Polling page: 0x00007a845c3ad000

Metaspace:

Usage:
  Non-class:      1.63 MB used.
      Class:    192.64 KB used.
       Both:      1.82 MB used.

Virtual space:
  Non-class space:       64.00 MB reserved,       1.75 MB (  3%) committed,  1 nodes.
      Class space:        1.00 GB reserved,     256.00 KB ( <1%) committed,  1 nodes.
             Both:        1.06 GB reserved,       2.00 MB ( <1%) committed. 

Chunk freelists:
   Non-Class:  11.11 MB
       Class:  15.60 MB
        Both:  26.71 MB

MaxMetaspaceSize: unlimited
CompressedClassSpaceSize: 1.00 GB
Initial GC threshold: 21.00 MB
Current GC threshold: 21.00 MB
CDS: on
MetaspaceReclaimPolicy: balanced
 - commit_granule_bytes: 65536.
 - commit_granule_words: 8192.
 - virtual_space_node_default_size: 8388608.
 - enlarge_chunks_in_place: 1.
 - new_chunks_are_fully_committed: 0.
 - uncommit_free_chunks: 1.
 - use_allocation_guard: 0.
 - handle_deallocations: 1.


Internal statistics:

num_allocs_failed_limit: 0.
num_arena_births: 66.
num_arena_deaths: 0.
num_vsnodes_births: 2.
num_vsnodes_deaths: 0.
num_space_committed: 32.
num_space_uncommitted: 0.
num_chunks_returned_to_freelist: 0.
num_chunks_taken_from_freelist: 124.
num_chunk_merges: 0.
num_chunk_splits: 78.
num_chunks_enlarged: 55.
num_inconsistent_stats: 0.

CodeHeap 'non-profiled nmethods': size=120036Kb used=207Kb max_used=207Kb free=119829Kb
 bounds [0x00007a8444ec7000, 0x00007a8445137000, 0x00007a844c400000]
CodeHeap 'profiled nmethods': size=120032Kb used=586Kb max_used=586Kb free=119445Kb
 bounds [0x00007a843d400000, 0x00007a843d670000, 0x00007a8444938000]
CodeHeap 'non-nmethods': size=5692Kb used=1132Kb max_used=1149Kb free=4559Kb
 bounds [0x00007a8444938000, 0x00007a8444ba8000, 0x00007a8444ec7000]
 total_blobs=962 nmethods=539 adapters=338
 compilation: enabled
              stopped_count=0, restarted_count=0
 full_count=0

Compilation events (20 events):
Event: 0.451 Thread 0x00007a845409b760  512       3       jdk.internal.org.objectweb.asm.ByteVector::putInt (74 bytes)
Event: 0.451 Thread 0x00007a845409b760 nmethod 512 0x00007a843d48f810 code [0x00007a843d48f9c0, 0x00007a843d48fc00]
Event: 0.451 Thread 0x00007a845409b760  521       3       java.lang.invoke.LambdaForm$NamedFunction::methodType (23 bytes)
Event: 0.451 Thread 0x00007a845409b760 nmethod 521 0x00007a843d48fd90 code [0x00007a843d48ff40, 0x00007a843d490180]
Event: 0.451 Thread 0x00007a845409b760  509       3       java.lang.ref.WeakReference::<init> (7 bytes)
Event: 0.451 Thread 0x00007a845409b760 nmethod 509 0x00007a843d490290 code [0x00007a843d490440, 0x00007a843d490710]
Event: 0.451 Thread 0x00007a845409b760  531       1       jdk.internal.org.objectweb.asm.MethodWriter::hasAsmInstructions (5 bytes)
Event: 0.452 Thread 0x00007a845409b760 nmethod 531 0x00007a8444ef8d90 code [0x00007a8444ef8f20, 0x00007a8444ef8ff0]
Event: 0.453 Thread 0x00007a845409b760  534       3       java.lang.StringBuilder::append (8 bytes)
Event: 0.453 Thread 0x00007a845409b760 nmethod 534 0x00007a843d490810 code [0x00007a843d4909c0, 0x00007a843d490b00]
Event: 0.453 Thread 0x00007a845409b760  535       3       java.lang.AbstractStringBuilder::append (45 bytes)
Event: 0.454 Thread 0x00007a845409b760 nmethod 535 0x00007a843d490b90 code [0x00007a843d490d80, 0x00007a843d4910a0]
Event: 0.454 Thread 0x00007a845409b760  536       3       java.lang.ref.PhantomReference::<init> (7 bytes)
Event: 0.454 Thread 0x00007a845409b760 nmethod 536 0x00007a843d491210 code [0x00007a843d4913c0, 0x00007a843d491690]
Event: 0.454 Thread 0x00007a845409b760  537       3       jdk.internal.ref.PhantomCleanable::<init> (49 bytes)
Event: 0.455 Thread 0x00007a845409b760 nmethod 537 0x00007a843d491790 code [0x00007a843d4919e0, 0x00007a843d4924f0]
Event: 0.455 Thread 0x00007a845409b760  539       3       jdk.internal.ref.CleanerFactory::cleaner (4 bytes)
Event: 0.455 Thread 0x00007a845409b760 nmethod 539 0x00007a843d492810 code [0x00007a843d4929a0, 0x00007a843d492a90]
Event: 0.455 Thread 0x00007a845409a230  538       4       java.util.zip.ZipFile::getZipEntry (322 bytes)
Event: 0.482 Thread 0x00007a845409a230 nmethod 538 0x00007a8444ef9090 code [0x00007a8444ef9280, 0x00007a8444efa288]

GC Heap History (2 events):
Event: 0.279 GC heap before
{Heap before GC invocations=0 (full 0):
 garbage-first heap   total 32768K, used 6068K [0x00000000e3a00000, 0x0000000100000000)
  region size 1024K, 6 young (6144K), 0 survivors (0K)
 Metaspace       used 499K, committed 704K, reserved 1114112K
  class space    used 27K, committed 128K, reserved 1048576K
}
Event: 0.286 GC heap after
{Heap after GC invocations=1 (full 0):
 garbage-first heap   total 32768K, used 1412K [0x00000000e3a00000, 0x0000000100000000)
  region size 1024K, 1 young (1024K), 1 survivors (1024K)
 Metaspace       used 499K, committed 704K, reserved 1114112K
  class space    used 27K, committed 128K, reserved 1048576K
}

Dll operation events (5 events):
Event: 0.006 Loaded shared library /usr/lib/jvm/java-17-openjdk-amd64/lib/libjava.so
Event: 0.056 Loaded shared library /usr/lib/jvm/java-17-openjdk-amd64/lib/libjsvml.so
Event: 0.077 Loaded shared library /usr/lib/jvm/java-17-openjdk-amd64/lib/libnio.so
Event: 0.132 Loaded shared library /usr/lib/jvm/java-17-openjdk-amd64/lib/libzip.so
Event: 0.450 Loaded shared library /usr/lib/x86_64-linux-gnu/jni/libprism_es2.so

Deoptimization events (10 events):
Event: 0.173 Thread 0x00007a84540184e0 Uncommon trap: trap_request=0xffffff45 fr.pc=0x00007a8444ed3d20 relative=0x0000000000000080
Event: 0.173 Thread 0x00007a84540184e0 Uncommon trap: reason=unstable_if action=reinterpret pc=0x00007a8444ed3d20 method=java.lang.CharacterDataLatin1.isJavaIdentifierPart(I)Z @ 11 c2
Event: 0.173 Thread 0x00007a84540184e0 DEOPT PACKING pc=0x00007a8444ed3d20 sp=0x00007a845af1d310
Event: 0.173 Thread 0x00007a84540184e0 DEOPT UNPACKING pc=0x00007a844498e693 sp=0x00007a845af1d2a8 mode 2
Event: 0.295 Thread 0x00007a84540184e0 Uncommon trap: trap_request=0xfffffff4 fr.pc=0x00007a8444ed85b0 relative=0x0000000000000190
Event: 0.295 Thread 0x00007a84540184e0 Uncommon trap: reason=null_check action=make_not_entrant pc=0x00007a8444ed85b0 method=java.lang.String.equals(Ljava/lang/Object;)Z @ 8 c2
Event: 0.295 Thread 0x00007a84540184e0 DEOPT PACKING pc=0x00007a8444ed85b0 sp=0x00007a845af1e750
Event: 0.295 Thread 0x00007a84540184e0 DEOPT UNPACKING pc=0x00007a844498e693 sp=0x00007a845af1e718 mode 2
Event: 0.322 Thread 0x00007a84540184e0 DEOPT PACKING pc=0x00007a843d43e04f sp=0x00007a845af18f10
Event: 0.322 Thread 0x00007a84540184e0 DEOPT UNPACKING pc=0x00007a844498ee10 sp=0x00007a845af18390 mode 0

Classes loaded (20 events):
Event: 0.422 Loading class java/security/NoSuchAlgorithmException
Event: 0.422 Loading class java/security/GeneralSecurityException
Event: 0.422 Loading class java/security/GeneralSecurityException done
Event: 0.422 Loading class java/security/NoSuchAlgorithmException done
Event: 0.425 Loading class java/lang/StackWalker$Option
Event: 0.426 Loading class java/lang/StackWalker$Option done
Event: 0.426 Loading class java/lang/StackStreamFactory
Event: 0.426 Loading class java/lang/StackStreamFactory done
Event: 0.426 Loading class java/lang/StackStreamFactory$CallerClassFinder
Event: 0.426 Loading class java/lang/StackStreamFactory$CallerClassFinder done
Event: 0.426 Loading class java/lang/StackWalker$ExtendedOption
Event: 0.427 Loading class java/lang/StackWalker$ExtendedOption done
Event: 0.427 Loading class java/lang/StackStreamFactory$WalkerState
Event: 0.427 Loading class java/lang/StackStreamFactory$WalkerState done
Event: 0.427 Loading class java/lang/StackStreamFactory$1
Event: 0.427 Loading class java/lang/StackStreamFactory$1 done
Event: 0.427 Loading class java/lang/StackStreamFactory$CallerClassFinder$ClassBuffer
Event: 0.427 Loading class java/lang/StackStreamFactory$FrameBuffer
Event: 0.427 Loading class java/lang/StackStreamFactory$FrameBuffer done
Event: 0.427 Loading class java/lang/StackStreamFactory$CallerClassFinder$ClassBuffer done

Classes unloaded (0 events):
No events

Classes redefined (0 events):
No events

Internal exceptions (5 events):
Event: 0.295 Thread 0x00007a84540184e0 Implicit null exception at 0x00007a8444ed8455 to 0x00007a8444ed85a0
Event: 0.297 Thread 0x00007a84540184e0 Exception <a 'java/lang/NoSuchMethodError'{0x00000000e5789c80}: 'java.lang.Object java.lang.invoke.DirectMethodHandle$Holder.invokeStaticInit(java.lang.Object)'> (0x00000000e5789c80) 
thrown [./src/hotspot/share/interpreter/linkResolver.cpp, line 758]
Event: 0.300 Thread 0x00007a84540184e0 Exception <a 'java/lang/NoSuchMethodError'{0x00000000e57908d0}: 'void java.lang.invoke.DirectMethodHandle$Holder.invokeStatic(java.lang.Object, java.lang.Object)'> (0x00000000e57908d0) 
thrown [./src/hotspot/share/interpreter/linkResolver.cpp, line 758]
Event: 0.385 Thread 0x00007a84540184e0 Exception <a 'java/lang/NoSuchMethodError'{0x00000000e544f968}: 'void java.lang.invoke.DirectMethodHandle$Holder.invokeSpecial(java.lang.Object, java.lang.Object, java.lang.Object)'> (0x00000000e544f968) 
thrown [./src/hotspot/share/interpreter/linkResolver.cpp, line 758]
Event: 0.401 Thread 0x00007a84540184e0 Exception <a 'java/lang/NoSuchMethodError'{0x00000000e5490ba8}: 'void java.lang.invoke.DirectMethodHandle$Holder.invokeStatic(java.lang.Object, java.lang.Object, java.lang.Object)'> (0x00000000e5490ba8) 
thrown [./src/hotspot/share/interpreter/linkResolver.cpp, line 758]

VM Operations (10 events):
Event: 0.247 Executing VM operation: HandshakeAllThreads
Event: 0.247 Executing VM operation: HandshakeAllThreads done
Event: 0.248 Executing VM operation: HandshakeAllThreads
Event: 0.248 Executing VM operation: HandshakeAllThreads done
Event: 0.278 Executing VM operation: G1CollectForAllocation
Event: 0.286 Executing VM operation: G1CollectForAllocation done
Event: 0.326 Executing VM operation: HandshakeAllThreads
Event: 0.326 Executing VM operation: HandshakeAllThreads done
Event: 1.331 Executing VM operation: Cleanup
Event: 1.331 Executing VM operation: Cleanup done

Memory protections (12 events):
Event: 0.005 Protecting memory [0x00007a845ae20000,0x00007a845ae24000] with protection modes 0
Event: 0.063 Protecting memory [0x00007a8458c12000,0x00007a8458c16000] with protection modes 0
Event: 0.063 Protecting memory [0x00007a8458b12000,0x00007a8458b16000] with protection modes 0
Event: 0.068 Protecting memory [0x00007a8458700000,0x00007a8458704000] with protection modes 0
Event: 0.069 Protecting memory [0x00007a8458600000,0x00007a8458604000] with protection modes 0
Event: 0.069 Protecting memory [0x00007a8458500000,0x00007a8458504000] with protection modes 0
Event: 0.069 Protecting memory [0x00007a8458400000,0x00007a8458404000] with protection modes 0
Event: 0.071 Protecting memory [0x00007a8458300000,0x00007a8458304000] with protection modes 0
Event: 0.078 Protecting memory [0x00007a8458200000,0x00007a8458204000] with protection modes 0
Event: 0.108 Protecting memory [0x00007a84580cf000,0x00007a84580d3000] with protection modes 0
Event: 0.270 Protecting memory [0x00007a8453f00000,0x00007a8453f04000] with protection modes 0
Event: 0.403 Protecting memory [0x00007a843d0fe000,0x00007a843d102000] with protection modes 0

Nmethod flushes (0 events):
No events

Events (12 events):
Event: 0.056 Thread 0x00007a84540184e0 Thread added: 0x00007a84540184e0
Event: 0.062 Thread 0x00007a84540184e0 Thread added: 0x00007a845408f700
Event: 0.063 Thread 0x00007a84540184e0 Thread added: 0x00007a8454090ae0
Event: 0.068 Thread 0x00007a84540184e0 Thread added: 0x00007a84540960c0
Event: 0.068 Thread 0x00007a84540184e0 Thread added: 0x00007a8454097470
Event: 0.069 Thread 0x00007a84540184e0 Thread added: 0x00007a8454098880
Event: 0.069 Thread 0x00007a84540184e0 Thread added: 0x00007a845409a230
Event: 0.071 Thread 0x00007a84540184e0 Thread added: 0x00007a845409b760
Event: 0.071 Thread 0x00007a84540184e0 Thread added: 0x00007a845409cbd0
Event: 0.108 Thread 0x00007a84540184e0 Thread added: 0x00007a84540b24d0
Event: 0.270 Thread 0x00007a84540184e0 Thread added: 0x00007a84540f58e0
Event: 0.403 Thread 0x00007a84540184e0 Thread added: 0x00007a845417a850


Dynamic libraries:
e3a00000-e5800000 rw-p 00000000 00:00 0 
e5800000-ffe00000 ---p 00000000 00:00 0 
ffe00000-ffe75000 rw-p 00c7a000 08:30 33102                              /usr/lib/jvm/java-17-openjdk-amd64/lib/server/classes.jsa
ffe75000-fff00000 rw-p 00000000 00:00 0 
fff00000-fff78000 rw-p 00c02000 08:30 33102                              /usr/lib/jvm/java-17-openjdk-amd64/lib/server/classes.jsa
fff78000-100000000 rw-p 00000000 00:00 0 
57159922f000-571599230000 r--p 00000000 08:30 32968                      /usr/lib/jvm/java-17-openjdk-amd64/bin/java
571599230000-571599231000 r-xp 00001000 08:30 32968                      /usr/lib/jvm/java-17-openjdk-amd64/bin/java
571599231000-571599232000 r--p 00002000 08:30 32968                      /usr/lib/jvm/java-17-openjdk-amd64/bin/java
571599232000-571599233000 r--p 00002000 08:30 32968                      /usr/lib/jvm/java-17-openjdk-amd64/bin/java
571599233000-571599234000 rw-p 00003000 08:30 32968                      /usr/lib/jvm/java-17-openjdk-amd64/bin/java
5715c677a000-5715c67c1000 rw-p 00000000 00:00 0                          [heap]
7a83af000000-7a83af001000 r--p 00000000 08:30 1373                       /usr/lib/x86_64-linux-gnu/libicudata.so.72.1
7a83af001000-7a83af002000 r-xp 00001000 08:30 1373                       /usr/lib/x86_64-linux-gnu/libicudata.so.72.1
7a83af002000-7a83b0dd0000 r--p 00002000 08:30 1373                       /usr/lib/x86_64-linux-gnu/libicudata.so.72.1
7a83b0dd0000-7a83b0dd1000 r--p 01dcf000 08:30 1373                       /usr/lib/x86_64-linux-gnu/libicudata.so.72.1
7a83b0dd1000-7a83b0dd2000 rw-p 01dd0000 08:30 1373                       /usr/lib/x86_64-linux-gnu/libicudata.so.72.1
7a83b0e00000-7a83b757c000 r-xp 00000000 08:30 173037                     /usr/lib/x86_64-linux-gnu/libLLVM-15.so.1
7a83b757c000-7a83b757d000 ---p 0677c000 08:30 173037                     /usr/lib/x86_64-linux-gnu/libLLVM-15.so.1
7a83b757d000-7a83b7d9b000 r--p 0677c000 08:30 173037                     /usr/lib/x86_64-linux-gnu/libLLVM-15.so.1
7a83b7d9b000-7a83b7de1000 rw-p 06f9a000 08:30 173037                     /usr/lib/x86_64-linux-gnu/libLLVM-15.so.1
7a83b7de1000-7a83b7e5e000 rw-p 00000000 00:00 0 
7a83b8000000-7a83b819f000 rw-p 00000000 00:00 0 
7a83b819f000-7a83bc000000 ---p 00000000 00:00 0 
7a83bc000000-7a83bc021000 rw-p 00000000 00:00 0 
7a83bc021000-7a83c0000000 ---p 00000000 00:00 0 
7a83c0000000-7a83c00c7000 rw-p 00000000 00:00 0 
7a83c00c7000-7a83c4000000 ---p 00000000 00:00 0 
7a83c4000000-7a83c4138000 rw-p 00000000 00:00 0 
7a83c4138000-7a83c8000000 ---p 00000000 00:00 0 
7a83c8000000-7a83c8021000 rw-p 00000000 00:00 0 
7a83c8021000-7a83cc000000 ---p 00000000 00:00 0 
7a83cc000000-7a83cc021000 rw-p 00000000 00:00 0 
7a83cc021000-7a83d0000000 ---p 00000000 00:00 0 
7a83d0000000-7a83d0021000 rw-p 00000000 00:00 0 
7a83d0021000-7a83d4000000 ---p 00000000 00:00 0 
7a83d4000000-7a83d4021000 rw-p 00000000 00:00 0 
7a83d4021000-7a83d8000000 ---p 00000000 00:00 0 
7a83d8000000-7a83d8021000 rw-p 00000000 00:00 0 
7a83d8021000-7a83dc000000 ---p 00000000 00:00 0 
7a83dc600000-7a83dccb1000 r-xp 00000000 00:22 562949953533259            /usr/lib/wsl/drivers/iigd_dch.inf_amd64_0a2eb8dac923ec42/libigd12umd64.so
7a83dccb1000-7a83dceb0000 ---p 006b1000 00:22 562949953533259            /usr/lib/wsl/drivers/iigd_dch.inf_amd64_0a2eb8dac923ec42/libigd12umd64.so
7a83dceb0000-7a83dcec9000 r--p 006b0000 00:22 562949953533259            /usr/lib/wsl/drivers/iigd_dch.inf_amd64_0a2eb8dac923ec42/libigd12umd64.so
7a83dcec9000-7a83dcf9a000 rw-p 006c9000 00:22 562949953533259            /usr/lib/wsl/drivers/iigd_dch.inf_amd64_0a2eb8dac923ec42/libigd12umd64.so
7a83dcf9a000-7a83dcfcd000 rw-p 00000000 00:00 0 
7a83dd153000-7a83dd436000 r--p 00000000 00:23 4785074604120538           /usr/lib/wsl/lib/libd3d12core.so
7a83dd436000-7a83dd791000 r-xp 002e2000 00:23 4785074604120538           /usr/lib/wsl/lib/libd3d12core.so
7a83dd791000-7a83dd7e3000 r--p 0063c000 00:23 4785074604120538           /usr/lib/wsl/lib/libd3d12core.so
7a83dd7e3000-7a83dd7e6000 rw-p 0068d000 00:23 4785074604120538           /usr/lib/wsl/lib/libd3d12core.so
7a83dd7e6000-7a83dd800000 rw-p 00000000 00:00 0 
7a83dd800000-7a83dd88a000 r--p 00000000 08:30 173025                     /usr/lib/x86_64-linux-gnu/libz3.so.4
7a83dd88a000-7a83deaa1000 r-xp 0008a000 08:30 173025                     /usr/lib/x86_64-linux-gnu/libz3.so.4
7a83deaa1000-7a83dee07000 r--p 012a1000 08:30 173025                     /usr/lib/x86_64-linux-gnu/libz3.so.4
7a83dee07000-7a83dee33000 r--p 01606000 08:30 173025                     /usr/lib/x86_64-linux-gnu/libz3.so.4
7a83dee33000-7a83dee34000 rw-p 01632000 08:30 173025                     /usr/lib/x86_64-linux-gnu/libz3.so.4
7a83dee34000-7a83dee35000 rw-p 00000000 00:00 0 
7a83df000000-7a83dfbca000 rw-p 00001000 08:30 33102                      /usr/lib/jvm/java-17-openjdk-amd64/lib/server/classes.jsa
7a83dfbca000-7a83e0000000 ---p 00000000 00:00 0 
7a83e0000000-7a83e0030000 rw-p 00000000 00:00 0 
7a83e0030000-7a83e0040000 ---p 00000000 00:00 0 
7a83e0040000-7a83e0050000 rw-p 00000000 00:00 0 
7a83e0050000-7a8420000000 ---p 00000000 00:00 0 
7a8420000000-7a8420021000 rw-p 00000000 00:00 0 
7a8420021000-7a8424000000 ---p 00000000 00:00 0 
7a8424000000-7a84240d0000 rw-p 00000000 00:00 0 
7a84240d0000-7a8424400000 ---p 00000000 00:00 0 
7a8424400000-7a84244f0000 rw-p 00000000 00:00 0 
7a84244f0000-7a8428000000 ---p 00000000 00:00 0 
7a8428000000-7a8428021000 rw-p 00000000 00:00 0 
7a8428021000-7a842c000000 ---p 00000000 00:00 0 
7a842c400000-7a842c490000 r--p 00000000 08:30 173085                     /usr/lib/x86_64-linux-gnu/dri/swrast_dri.so
7a842c490000-7a842d4d9000 r-xp 00090000 08:30 173085                     /usr/lib/x86_64-linux-gnu/dri/swrast_dri.so
7a842d4d9000-7a842dc07000 r--p 010d9000 08:30 173085                     /usr/lib/x86_64-linux-gnu/dri/swrast_dri.so
7a842dc07000-7a842dc89000 r--p 01806000 08:30 173085                     /usr/lib/x86_64-linux-gnu/dri/swrast_dri.so
7a842dc89000-7a842dc93000 rw-p 01888000 08:30 173085                     /usr/lib/x86_64-linux-gnu/dri/swrast_dri.so
7a842dc93000-7a842de50000 rw-p 00000000 00:00 0 
7a842e000000-7a8430000000 rw-p 00000000 00:00 0 
7a8430000000-7a8430021000 rw-p 00000000 00:00 0 
7a8430021000-7a8434000000 ---p 00000000 00:00 0 
7a8434000000-7a8434021000 rw-p 00000000 00:00 0 
7a8434021000-7a8438000000 ---p 00000000 00:00 0 
7a8438000000-7a8438021000 rw-p 00000000 00:00 0 
7a8438021000-7a843c000000 ---p 00000000 00:00 0 
7a843c01b000-7a843c07e000 r--p 00000000 00:23 19703248369785366          /usr/lib/wsl/lib/libdxcore.so
7a843c07e000-7a843c0fb000 r-xp 00062000 00:23 19703248369785366          /usr/lib/wsl/lib/libdxcore.so
7a843c0fb000-7a843c103000 r--p 000de000 00:23 19703248369785366          /usr/lib/wsl/lib/libdxcore.so
7a843c103000-7a843c104000 rw-p 000e5000 00:23 19703248369785366          /usr/lib/wsl/lib/libdxcore.so
7a843c104000-7a843c108000 rw-p 00000000 00:00 0 
7a843c108000-7a843c14d000 r--p 00000000 00:23 243194379878046169         /usr/lib/wsl/lib/libd3d12.so
7a843c14d000-7a843c1c6000 r-xp 00044000 00:23 243194379878046169         /usr/lib/wsl/lib/libd3d12.so
7a843c1c6000-7a843c1cd000 r--p 000bc000 00:23 243194379878046169         /usr/lib/wsl/lib/libd3d12.so
7a843c1cd000-7a843c1cf000 rw-p 000c2000 00:23 243194379878046169         /usr/lib/wsl/lib/libd3d12.so
7a843c1cf000-7a843c1d3000 rw-p 00000000 00:00 0 
7a843c1d3000-7a843c1d7000 r--p 00000000 08:30 3046                       /usr/lib/x86_64-linux-gnu/liblzma.so.5.4.1
7a843c1d7000-7a843c1f4000 r-xp 00004000 08:30 3046                       /usr/lib/x86_64-linux-gnu/liblzma.so.5.4.1
7a843c1f4000-7a843c200000 r--p 00021000 08:30 3046                       /usr/lib/x86_64-linux-gnu/liblzma.so.5.4.1
7a843c200000-7a843c201000 r--p 0002d000 08:30 3046                       /usr/lib/x86_64-linux-gnu/liblzma.so.5.4.1
7a843c201000-7a843c202000 rw-p 0002e000 08:30 3046                       /usr/lib/x86_64-linux-gnu/liblzma.so.5.4.1
7a843c202000-7a843c26b000 r--p 00000000 08:30 3589                       /usr/lib/x86_64-linux-gnu/libicuuc.so.72.1
7a843c26b000-7a843c35c000 r-xp 00069000 08:30 3589                       /usr/lib/x86_64-linux-gnu/libicuuc.so.72.1
7a843c35c000-7a843c3ea000 r--p 0015a000 08:30 3589                       /usr/lib/x86_64-linux-gnu/libicuuc.so.72.1
7a843c3ea000-7a843c3fd000 r--p 001e8000 08:30 3589                       /usr/lib/x86_64-linux-gnu/libicuuc.so.72.1
7a843c3fd000-7a843c3fe000 rw-p 001fb000 08:30 3589                       /usr/lib/x86_64-linux-gnu/libicuuc.so.72.1
7a843c3fe000-7a843c400000 rw-p 00000000 00:00 0 
7a843c400000-7a843c401000 r-xp 00000000 08:30 172927                     /usr/lib/x86_64-linux-gnu/libxshmfence.so.1.0.0
7a843c401000-7a843c600000 ---p 00001000 08:30 172927                     /usr/lib/x86_64-linux-gnu/libxshmfence.so.1.0.0
7a843c600000-7a843c601000 r--p 00000000 08:30 172927                     /usr/lib/x86_64-linux-gnu/libxshmfence.so.1.0.0
7a843c601000-7a843c602000 rw-p 00001000 08:30 172927                     /usr/lib/x86_64-linux-gnu/libxshmfence.so.1.0.0
7a843c621000-7a843c650000 r--p 00000000 08:30 4949                       /usr/lib/x86_64-linux-gnu/libxml2.so.2.9.14
7a843c650000-7a843c76c000 r-xp 0002f000 08:30 4949                       /usr/lib/x86_64-linux-gnu/libxml2.so.2.9.14
7a843c76c000-7a843c7c2000 r--p 0014b000 08:30 4949                       /usr/lib/x86_64-linux-gnu/libxml2.so.2.9.14
7a843c7c2000-7a843c7cb000 r--p 001a1000 08:30 4949                       /usr/lib/x86_64-linux-gnu/libxml2.so.2.9.14
7a843c7cb000-7a843c7cc000 rw-p 001aa000 08:30 4949                       /usr/lib/x86_64-linux-gnu/libxml2.so.2.9.14
7a843c7cc000-7a843c7cd000 rw-p 00000000 00:00 0 
7a843c7cd000-7a843c7dc000 r--p 00000000 08:30 8530                       /usr/lib/x86_64-linux-gnu/libtinfo.so.6.4
7a843c7dc000-7a843c7ed000 r-xp 0000f000 08:30 8530                       /usr/lib/x86_64-linux-gnu/libtinfo.so.6.4
7a843c7ed000-7a843c7fb000 r--p 00020000 08:30 8530                       /usr/lib/x86_64-linux-gnu/libtinfo.so.6.4
7a843c7fb000-7a843c7ff000 r--p 0002d000 08:30 8530                       /usr/lib/x86_64-linux-gnu/libtinfo.so.6.4
7a843c7ff000-7a843c800000 rw-p 00031000 08:30 8530                       /usr/lib/x86_64-linux-gnu/libtinfo.so.6.4
7a843c800000-7a843c805000 r-xp 00000000 08:30 172940                     /usr/lib/x86_64-linux-gnu/libXxf86vm.so.1.0.0
7a843c805000-7a843ca04000 ---p 00005000 08:30 172940                     /usr/lib/x86_64-linux-gnu/libXxf86vm.so.1.0.0
7a843ca04000-7a843ca05000 r--p 00004000 08:30 172940                     /usr/lib/x86_64-linux-gnu/libXxf86vm.so.1.0.0
7a843ca05000-7a843ca06000 rw-p 00005000 08:30 172940                     /usr/lib/x86_64-linux-gnu/libXxf86vm.so.1.0.0
7a843ca0d000-7a843ca0e000 r--p 00000000 08:30 5941                       /usr/lib/x86_64-linux-gnu/libdl.so.2
7a843ca0e000-7a843ca0f000 r-xp 00001000 08:30 5941                       /usr/lib/x86_64-linux-gnu/libdl.so.2
7a843ca0f000-7a843ca10000 r--p 00002000 08:30 5941                       /usr/lib/x86_64-linux-gnu/libdl.so.2
7a843ca10000-7a843ca11000 r--p 00002000 08:30 5941                       /usr/lib/x86_64-linux-gnu/libdl.so.2
7a843ca11000-7a843ca12000 rw-p 00003000 08:30 5941                       /usr/lib/x86_64-linux-gnu/libdl.so.2
7a843ca12000-7a843ca13000 r--p 00000000 08:30 7920                       /usr/lib/x86_64-linux-gnu/libpthread.so.0
7a843ca13000-7a843ca14000 r-xp 00001000 08:30 7920                       /usr/lib/x86_64-linux-gnu/libpthread.so.0
7a843ca14000-7a843ca15000 r--p 00002000 08:30 7920                       /usr/lib/x86_64-linux-gnu/libpthread.so.0
7a843ca15000-7a843ca16000 r--p 00002000 08:30 7920                       /usr/lib/x86_64-linux-gnu/libpthread.so.0
7a843ca16000-7a843ca17000 rw-p 00003000 08:30 7920                       /usr/lib/x86_64-linux-gnu/libpthread.so.0
7a843ca20000-7a843ca22000 r--p 00000000 08:30 172969                     /usr/lib/x86_64-linux-gnu/libpciaccess.so.0.11.1
7a843ca22000-7a843ca27000 r-xp 00002000 08:30 172969                     /usr/lib/x86_64-linux-gnu/libpciaccess.so.0.11.1
7a843ca27000-7a843ca29000 r--p 00007000 08:30 172969                     /usr/lib/x86_64-linux-gnu/libpciaccess.so.0.11.1
7a843ca29000-7a843ca2a000 r--p 00008000 08:30 172969                     /usr/lib/x86_64-linux-gnu/libpciaccess.so.0.11.1
7a843ca2a000-7a843ca2b000 rw-p 00009000 08:30 172969                     /usr/lib/x86_64-linux-gnu/libpciaccess.so.0.11.1
7a843ca2b000-7a843ca34000 r--p 00000000 08:30 8872                       /usr/lib/x86_64-linux-gnu/libedit.so.2.0.70
7a843ca34000-7a843ca50000 r-xp 00009000 08:30 8872                       /usr/lib/x86_64-linux-gnu/libedit.so.2.0.70
7a843ca50000-7a843ca5e000 r--p 00025000 08:30 8872                       /usr/lib/x86_64-linux-gnu/libedit.so.2.0.70
7a843ca5e000-7a843ca60000 r--p 00032000 08:30 8872                       /usr/lib/x86_64-linux-gnu/libedit.so.2.0.70
7a843ca60000-7a843ca61000 rw-p 00034000 08:30 8872                       /usr/lib/x86_64-linux-gnu/libedit.so.2.0.70
7a843ca61000-7a843ca65000 rw-p 00000000 00:00 0 
7a843ca65000-7a843ca67000 r--p 00000000 08:30 9727                       /usr/lib/x86_64-linux-gnu/libffi.so.8.1.2
7a843ca67000-7a843ca6d000 r-xp 00002000 08:30 9727                       /usr/lib/x86_64-linux-gnu/libffi.so.8.1.2
7a843ca6d000-7a843ca6f000 r--p 00008000 08:30 9727                       /usr/lib/x86_64-linux-gnu/libffi.so.8.1.2
7a843ca6f000-7a843ca70000 r--p 00009000 08:30 9727                       /usr/lib/x86_64-linux-gnu/libffi.so.8.1.2
7a843ca70000-7a843ca71000 rw-p 0000a000 08:30 9727                       /usr/lib/x86_64-linux-gnu/libffi.so.8.1.2
7a843ca71000-7a843ca74000 r--p 00000000 08:30 172983                     /usr/lib/x86_64-linux-gnu/libdrm_intel.so.1.0.0
7a843ca74000-7a843ca8a000 r-xp 00003000 08:30 172983                     /usr/lib/x86_64-linux-gnu/libdrm_intel.so.1.0.0
7a843ca8a000-7a843ca94000 r--p 00019000 08:30 172983                     /usr/lib/x86_64-linux-gnu/libdrm_intel.so.1.0.0
7a843ca94000-7a843ca95000 r--p 00022000 08:30 172983                     /usr/lib/x86_64-linux-gnu/libdrm_intel.so.1.0.0
7a843ca95000-7a843ca96000 rw-p 00023000 08:30 172983                     /usr/lib/x86_64-linux-gnu/libdrm_intel.so.1.0.0
7a843ca96000-7a843ca98000 r--p 00000000 08:30 172997                     /usr/lib/x86_64-linux-gnu/libdrm_nouveau.so.2.0.0
7a843ca98000-7a843ca9d000 r-xp 00002000 08:30 172997                     /usr/lib/x86_64-linux-gnu/libdrm_nouveau.so.2.0.0
7a843ca9d000-7a843ca9f000 r--p 00007000 08:30 172997                     /usr/lib/x86_64-linux-gnu/libdrm_nouveau.so.2.0.0
7a843ca9f000-7a843caa0000 r--p 00008000 08:30 172997                     /usr/lib/x86_64-linux-gnu/libdrm_nouveau.so.2.0.0
7a843caa0000-7a843caa1000 rw-p 00009000 08:30 172997                     /usr/lib/x86_64-linux-gnu/libdrm_nouveau.so.2.0.0
7a843caa1000-7a843caa4000 r--p 00000000 08:30 172955                     /usr/lib/x86_64-linux-gnu/libdrm_amdgpu.so.1.0.0
7a843caa4000-7a843caa9000 r-xp 00003000 08:30 172955                     /usr/lib/x86_64-linux-gnu/libdrm_amdgpu.so.1.0.0
7a843caa9000-7a843caab000 r--p 00008000 08:30 172955                     /usr/lib/x86_64-linux-gnu/libdrm_amdgpu.so.1.0.0
7a843caab000-7a843caac000 r--p 00009000 08:30 172955                     /usr/lib/x86_64-linux-gnu/libdrm_amdgpu.so.1.0.0
7a843caac000-7a843caad000 rw-p 0000a000 08:30 172955                     /usr/lib/x86_64-linux-gnu/libdrm_amdgpu.so.1.0.0
7a843caad000-7a843cab0000 r--p 00000000 08:30 8831                       /usr/lib/x86_64-linux-gnu/libelf-0.188.so
7a843cab0000-7a843cac2000 r-xp 00003000 08:30 8831                       /usr/lib/x86_64-linux-gnu/libelf-0.188.so
7a843cac2000-7a843cac6000 r--p 00015000 08:30 8831                       /usr/lib/x86_64-linux-gnu/libelf-0.188.so
7a843cac6000-7a843cac7000 r--p 00019000 08:30 8831                       /usr/lib/x86_64-linux-gnu/libelf-0.188.so
7a843cac7000-7a843cac8000 rw-p 0001a000 08:30 8831                       /usr/lib/x86_64-linux-gnu/libelf-0.188.so
7a843cac8000-7a843caca000 r--p 00000000 08:30 173012                     /usr/lib/x86_64-linux-gnu/libdrm_radeon.so.1.0.1
7a843caca000-7a843cad0000 r-xp 00002000 08:30 173012                     /usr/lib/x86_64-linux-gnu/libdrm_radeon.so.1.0.1
7a843cad0000-7a843cad4000 r--p 00008000 08:30 173012                     /usr/lib/x86_64-linux-gnu/libdrm_radeon.so.1.0.1
7a843cad4000-7a843cad5000 r--p 0000b000 08:30 173012                     /usr/lib/x86_64-linux-gnu/libdrm_radeon.so.1.0.1
7a843cad5000-7a843cad6000 rw-p 0000c000 08:30 173012                     /usr/lib/x86_64-linux-gnu/libdrm_radeon.so.1.0.1
7a843cad6000-7a843cad8000 r--p 00000000 08:30 39730                      /usr/lib/x86_64-linux-gnu/libsensors.so.5.0.0
7a843cad8000-7a843cadf000 r-xp 00002000 08:30 39730                      /usr/lib/x86_64-linux-gnu/libsensors.so.5.0.0
7a843cadf000-7a843cae4000 r--p 00009000 08:30 39730                      /usr/lib/x86_64-linux-gnu/libsensors.so.5.0.0
7a843cae4000-7a843cae5000 r--p 0000d000 08:30 39730                      /usr/lib/x86_64-linux-gnu/libsensors.so.5.0.0
7a843cae5000-7a843cae6000 rw-p 0000e000 08:30 39730                      /usr/lib/x86_64-linux-gnu/libsensors.so.5.0.0
7a843cae6000-7a843caeb000 r--p 00000000 08:30 8491                       /usr/lib/x86_64-linux-gnu/libzstd.so.1.5.4
7a843caeb000-7a843cb8c000 r-xp 00005000 08:30 8491                       /usr/lib/x86_64-linux-gnu/libzstd.so.1.5.4
7a843cb8c000-7a843cba0000 r--p 000a6000 08:30 8491                       /usr/lib/x86_64-linux-gnu/libzstd.so.1.5.4
7a843cba0000-7a843cba1000 r--p 000b9000 08:30 8491                       /usr/lib/x86_64-linux-gnu/libzstd.so.1.5.4
7a843cba1000-7a843cba2000 rw-p 000ba000 08:30 8491                       /usr/lib/x86_64-linux-gnu/libzstd.so.1.5.4
7a843cba2000-7a843cba9000 r--p 00000000 08:30 172857                     /usr/lib/x86_64-linux-gnu/libxcb-randr.so.0.1.0
7a843cba9000-7a843cbae000 r-xp 00007000 08:30 172857                     /usr/lib/x86_64-linux-gnu/libxcb-randr.so.0.1.0
7a843cbae000-7a843cbb1000 r--p 0000c000 08:30 172857                     /usr/lib/x86_64-linux-gnu/libxcb-randr.so.0.1.0
7a843cbb1000-7a843cbb2000 r--p 0000f000 08:30 172857                     /usr/lib/x86_64-linux-gnu/libxcb-randr.so.0.1.0
7a843cbb2000-7a843cbb3000 rw-p 00010000 08:30 172857                     /usr/lib/x86_64-linux-gnu/libxcb-randr.so.0.1.0
7a843cbb3000-7a843cbb6000 r--p 00000000 08:30 172899                     /usr/lib/x86_64-linux-gnu/libxcb-xfixes.so.0.0.0
7a843cbb6000-7a843cbb9000 r-xp 00003000 08:30 172899                     /usr/lib/x86_64-linux-gnu/libxcb-xfixes.so.0.0.0
7a843cbb9000-7a843cbba000 r--p 00006000 08:30 172899                     /usr/lib/x86_64-linux-gnu/libxcb-xfixes.so.0.0.0
7a843cbba000-7a843cbbb000 r--p 00007000 08:30 172899                     /usr/lib/x86_64-linux-gnu/libxcb-xfixes.so.0.0.0
7a843cbbb000-7a843cbbc000 rw-p 00008000 08:30 172899                     /usr/lib/x86_64-linux-gnu/libxcb-xfixes.so.0.0.0
7a843cbbc000-7a843cbbf000 r--p 00000000 08:30 172885                     /usr/lib/x86_64-linux-gnu/libxcb-sync.so.1.0.0
7a843cbbf000-7a843cbc1000 r-xp 00003000 08:30 172885                     /usr/lib/x86_64-linux-gnu/libxcb-sync.so.1.0.0
7a843cbc1000-7a843cbc2000 r--p 00005000 08:30 172885                     /usr/lib/x86_64-linux-gnu/libxcb-sync.so.1.0.0
7a843cbc2000-7a843cbc3000 r--p 00006000 08:30 172885                     /usr/lib/x86_64-linux-gnu/libxcb-sync.so.1.0.0
7a843cbc3000-7a843cbc4000 rw-p 00007000 08:30 172885                     /usr/lib/x86_64-linux-gnu/libxcb-sync.so.1.0.0
7a843cbc4000-7a843cbc5000 r--p 00000000 08:30 172843                     /usr/lib/x86_64-linux-gnu/libxcb-present.so.0.0.0
7a843cbc5000-7a843cbc6000 r-xp 00001000 08:30 172843                     /usr/lib/x86_64-linux-gnu/libxcb-present.so.0.0.0
7a843cbc6000-7a843cbc7000 r--p 00002000 08:30 172843                     /usr/lib/x86_64-linux-gnu/libxcb-present.so.0.0.0
7a843cbc7000-7a843cbc8000 r--p 00002000 08:30 172843                     /usr/lib/x86_64-linux-gnu/libxcb-present.so.0.0.0
7a843cbc8000-7a843cbc9000 rw-p 00003000 08:30 172843                     /usr/lib/x86_64-linux-gnu/libxcb-present.so.0.0.0
7a843cbc9000-7a843cbcb000 r--p 00000000 08:30 172815                     /usr/lib/x86_64-linux-gnu/libxcb-dri3.so.0.1.0
7a843cbcb000-7a843cbcd000 r-xp 00002000 08:30 172815                     /usr/lib/x86_64-linux-gnu/libxcb-dri3.so.0.1.0
7a843cbcd000-7a843cbce000 r--p 00004000 08:30 172815                     /usr/lib/x86_64-linux-gnu/libxcb-dri3.so.0.1.0
7a843cbce000-7a843cbcf000 r--p 00004000 08:30 172815                     /usr/lib/x86_64-linux-gnu/libxcb-dri3.so.0.1.0
7a843cbcf000-7a843cbd0000 rw-p 00005000 08:30 172815                     /usr/lib/x86_64-linux-gnu/libxcb-dri3.so.0.1.0
7a843cbd0000-7a843cbd4000 r--p 00000000 08:30 177969                     /usr/lib/x86_64-linux-gnu/libexpat.so.1.8.10
7a843cbd4000-7a843cbf0000 r-xp 00004000 08:30 177969                     /usr/lib/x86_64-linux-gnu/libexpat.so.1.8.10
7a843cbf0000-7a843cbf8000 r--p 00020000 08:30 177969                     /usr/lib/x86_64-linux-gnu/libexpat.so.1.8.10
7a843cbf8000-7a843cbfa000 r--p 00028000 08:30 177969                     /usr/lib/x86_64-linux-gnu/libexpat.so.1.8.10
7a843cbfa000-7a843cbfb000 rw-p 0002a000 08:30 177969                     /usr/lib/x86_64-linux-gnu/libexpat.so.1.8.10
7a843cbfb000-7a843cbfc000 r--p 00000000 08:30 172871                     /usr/lib/x86_64-linux-gnu/libxcb-shm.so.0.0.0
7a843cbfc000-7a843cbfd000 r-xp 00001000 08:30 172871                     /usr/lib/x86_64-linux-gnu/libxcb-shm.so.0.0.0
7a843cbfd000-7a843cbfe000 r--p 00002000 08:30 172871                     /usr/lib/x86_64-linux-gnu/libxcb-shm.so.0.0.0
7a843cbfe000-7a843cbff000 r--p 00002000 08:30 172871                     /usr/lib/x86_64-linux-gnu/libxcb-shm.so.0.0.0
7a843cbff000-7a843cc00000 rw-p 00003000 08:30 172871                     /usr/lib/x86_64-linux-gnu/libxcb-shm.so.0.0.0
7a843cc00000-7a843cc05000 r-xp 00000000 08:30 18396                      /usr/lib/x86_64-linux-gnu/libXdmcp.so.6.0.0
7a843cc05000-7a843ce04000 ---p 00005000 08:30 18396                      /usr/lib/x86_64-linux-gnu/libXdmcp.so.6.0.0
7a843ce04000-7a843ce05000 r--p 00004000 08:30 18396                      /usr/lib/x86_64-linux-gnu/libXdmcp.so.6.0.0
7a843ce05000-7a843ce06000 rw-p 00005000 08:30 18396                      /usr/lib/x86_64-linux-gnu/libXdmcp.so.6.0.0
7a843ce08000-7a843ce0a000 r--p 00000000 08:30 172913                     /usr/lib/x86_64-linux-gnu/libXfixes.so.3.1.0
7a843ce0a000-7a843ce0d000 r-xp 00002000 08:30 172913                     /usr/lib/x86_64-linux-gnu/libXfixes.so.3.1.0
7a843ce0d000-7a843ce0e000 r--p 00005000 08:30 172913                     /usr/lib/x86_64-linux-gnu/libXfixes.so.3.1.0
7a843ce0e000-7a843ce0f000 r--p 00005000 08:30 172913                     /usr/lib/x86_64-linux-gnu/libXfixes.so.3.1.0
7a843ce0f000-7a843ce10000 rw-p 00006000 08:30 172913                     /usr/lib/x86_64-linux-gnu/libXfixes.so.3.1.0
7a843ce10000-7a843ce14000 r--p 00000000 08:30 26840                      /usr/lib/x86_64-linux-gnu/libXext.so.6.4.0
7a843ce14000-7a843ce1f000 r-xp 00004000 08:30 26840                      /usr/lib/x86_64-linux-gnu/libXext.so.6.4.0
7a843ce1f000-7a843ce23000 r--p 0000f000 08:30 26840                      /usr/lib/x86_64-linux-gnu/libXext.so.6.4.0
7a843ce23000-7a843ce24000 r--p 00012000 08:30 26840                      /usr/lib/x86_64-linux-gnu/libXext.so.6.4.0
7a843ce24000-7a843ce25000 rw-p 00013000 08:30 26840                      /usr/lib/x86_64-linux-gnu/libXext.so.6.4.0
7a843ce25000-7a843ce32000 r--p 00000000 08:30 172770                     /usr/lib/x86_64-linux-gnu/libglapi.so.0.0.0
7a843ce32000-7a843ce40000 r-xp 0000d000 08:30 172770                     /usr/lib/x86_64-linux-gnu/libglapi.so.0.0.0
7a843ce40000-7a843ce59000 r--p 0001b000 08:30 172770                     /usr/lib/x86_64-linux-gnu/libglapi.so.0.0.0
7a843ce59000-7a843ce5d000 r--p 00034000 08:30 172770                     /usr/lib/x86_64-linux-gnu/libglapi.so.0.0.0
7a843ce5d000-7a843ce5e000 rw-p 00038000 08:30 172770                     /usr/lib/x86_64-linux-gnu/libglapi.so.0.0.0
7a843ce5e000-7a843ce5f000 rw-p 00000000 00:00 0 
7a843ce5f000-7a843ce78000 r--p 00000000 08:30 173103                     /usr/lib/x86_64-linux-gnu/libGLX_mesa.so.0.0.0
7a843ce78000-7a843ceb5000 r-xp 00019000 08:30 173103                     /usr/lib/x86_64-linux-gnu/libGLX_mesa.so.0.0.0
7a843ceb5000-7a843cecb000 r--p 00056000 08:30 173103                     /usr/lib/x86_64-linux-gnu/libGLX_mesa.so.0.0.0
7a843cecb000-7a843cecd000 r--p 0006c000 08:30 173103                     /usr/lib/x86_64-linux-gnu/libGLX_mesa.so.0.0.0
7a843cecd000-7a843cece000 rw-p 0006e000 08:30 173103                     /usr/lib/x86_64-linux-gnu/libGLX_mesa.so.0.0.0
7a843cece000-7a843cecf000 rw-p 00000000 00:00 0 
7a843cecf000-7a843ced2000 r--p 00000000 08:30 173121                     /usr/lib/x86_64-linux-gnu/libGLX.so.0.0.0
7a843ced2000-7a843ceed000 r-xp 00003000 08:30 173121                     /usr/lib/x86_64-linux-gnu/libGLX.so.0.0.0
7a843ceed000-7a843cef1000 r--p 0001e000 08:30 173121                     /usr/lib/x86_64-linux-gnu/libGLX.so.0.0.0
7a843cef1000-7a843cef2000 r--p 00021000 08:30 173121                     /usr/lib/x86_64-linux-gnu/libGLX.so.0.0.0
7a843cef2000-7a843cef3000 rw-p 00022000 08:30 173121                     /usr/lib/x86_64-linux-gnu/libGLX.so.0.0.0
7a843cef3000-7a843cf03000 rw-p 00000000 00:00 0 
7a843cf03000-7a843cf44000 r--p 00000000 08:30 172730                     /usr/lib/x86_64-linux-gnu/libGLdispatch.so.0.0.0
7a843cf44000-7a843cf83000 r-xp 00041000 08:30 172730                     /usr/lib/x86_64-linux-gnu/libGLdispatch.so.0.0.0
7a843cf83000-7a843cf97000 r--p 00080000 08:30 172730                     /usr/lib/x86_64-linux-gnu/libGLdispatch.so.0.0.0
7a843cf97000-7a843cfb3000 r--p 00093000 08:30 172730                     /usr/lib/x86_64-linux-gnu/libGLdispatch.so.0.0.0
7a843cfb3000-7a843cfb4000 rw-p 000af000 08:30 172730                     /usr/lib/x86_64-linux-gnu/libGLdispatch.so.0.0.0
7a843cfb4000-7a843cfbc000 rw-p 00000000 00:00 0 
7a843cfbc000-7a843cfd8000 r--p 00000000 08:30 18689                      /usr/lib/x86_64-linux-gnu/libX11.so.6.4.0
7a843cfd8000-7a843d063000 r-xp 0001c000 08:30 18689                      /usr/lib/x86_64-linux-gnu/libX11.so.6.4.0
7a843d063000-7a843d0f8000 r--p 000a7000 08:30 18689                      /usr/lib/x86_64-linux-gnu/libX11.so.6.4.0
7a843d0f8000-7a843d0f9000 r--p 0013c000 08:30 18689                      /usr/lib/x86_64-linux-gnu/libX11.so.6.4.0
7a843d0f9000-7a843d0fe000 rw-p 0013d000 08:30 18689                      /usr/lib/x86_64-linux-gnu/libX11.so.6.4.0
7a843d0fe000-7a843d102000 ---p 00000000 00:00 0 
7a843d102000-7a843d1fe000 rw-p 00000000 00:00 0 
7a843d1fe000-7a843d1ff000 ---p 00000000 00:00 0 
7a843d1ff000-7a843d2ff000 rw-p 00000000 00:00 0 
7a843d2ff000-7a843d300000 ---p 00000000 00:00 0 
7a843d300000-7a843d400000 rw-p 00000000 00:00 0 
7a843d400000-7a843d670000 rwxp 00000000 00:00 0 
7a843d670000-7a8444938000 ---p 00000000 00:00 0 
7a8444938000-7a8444ba8000 rwxp 00000000 00:00 0 
7a8444ba8000-7a8444ec7000 ---p 00000000 00:00 0 
7a8444ec7000-7a8445137000 rwxp 00000000 00:00 0 
7a8445137000-7a844c400000 ---p 00000000 00:00 0 
7a844c400000-7a8453ece000 r--s 00000000 08:30 33100                      /usr/lib/jvm/java-17-openjdk-amd64/lib/modules
7a8453ece000-7a8453ed9000 r--p 00000000 08:30 172829                     /usr/lib/x86_64-linux-gnu/libxcb-glx.so.0.0.0
7a8453ed9000-7a8453ee2000 r-xp 0000b000 08:30 172829                     /usr/lib/x86_64-linux-gnu/libxcb-glx.so.0.0.0
7a8453ee2000-7a8453ee7000 r--p 00014000 08:30 172829                     /usr/lib/x86_64-linux-gnu/libxcb-glx.so.0.0.0
7a8453ee7000-7a8453ee9000 r--p 00019000 08:30 172829                     /usr/lib/x86_64-linux-gnu/libxcb-glx.so.0.0.0
7a8453ee9000-7a8453eea000 rw-p 0001b000 08:30 172829                     /usr/lib/x86_64-linux-gnu/libxcb-glx.so.0.0.0
7a8453eea000-7a8453eef000 r--p 00000000 08:30 172756                     /usr/lib/x86_64-linux-gnu/libdrm.so.2.4.0
7a8453eef000-7a8453efa000 r-xp 00005000 08:30 172756                     /usr/lib/x86_64-linux-gnu/libdrm.so.2.4.0
7a8453efa000-7a8453efe000 r--p 00010000 08:30 172756                     /usr/lib/x86_64-linux-gnu/libdrm.so.2.4.0
7a8453efe000-7a8453eff000 r--p 00013000 08:30 172756                     /usr/lib/x86_64-linux-gnu/libdrm.so.2.4.0
7a8453eff000-7a8453f00000 rw-p 00014000 08:30 172756                     /usr/lib/x86_64-linux-gnu/libdrm.so.2.4.0
7a8453f00000-7a8453f04000 ---p 00000000 00:00 0 
7a8453f04000-7a8454000000 rw-p 00000000 00:00 0 
7a8454000000-7a845417e000 rw-p 00000000 00:00 0 
7a845417e000-7a8458000000 ---p 00000000 00:00 0 
7a8458001000-7a8458003000 r--p 00000000 08:30 172801                     /usr/lib/x86_64-linux-gnu/libxcb-dri2.so.0.0.0
7a8458003000-7a8458005000 r-xp 00002000 08:30 172801                     /usr/lib/x86_64-linux-gnu/libxcb-dri2.so.0.0.0
7a8458005000-7a8458006000 r--p 00004000 08:30 172801                     /usr/lib/x86_64-linux-gnu/libxcb-dri2.so.0.0.0
7a8458006000-7a8458007000 r--p 00004000 08:30 172801                     /usr/lib/x86_64-linux-gnu/libxcb-dri2.so.0.0.0
7a8458007000-7a8458008000 rw-p 00005000 08:30 172801                     /usr/lib/x86_64-linux-gnu/libxcb-dri2.so.0.0.0
7a8458008000-7a845800c000 r--p 00000000 08:30 8525                       /usr/lib/x86_64-linux-gnu/libbsd.so.0.11.7
7a845800c000-7a8458018000 r-xp 00004000 08:30 8525                       /usr/lib/x86_64-linux-gnu/libbsd.so.0.11.7
7a8458018000-7a845801b000 r--p 00010000 08:30 8525                       /usr/lib/x86_64-linux-gnu/libbsd.so.0.11.7
7a845801b000-7a845801c000 r--p 00013000 08:30 8525                       /usr/lib/x86_64-linux-gnu/libbsd.so.0.11.7
7a845801c000-7a845801d000 rw-p 00014000 08:30 8525                       /usr/lib/x86_64-linux-gnu/libbsd.so.0.11.7
7a845801d000-7a845801e000 rw-p 00000000 00:00 0 
7a845801e000-7a845802a000 r--p 00000000 08:30 18410                      /usr/lib/x86_64-linux-gnu/libxcb.so.1.1.0
7a845802a000-7a845803d000 r-xp 0000c000 08:30 18410                      /usr/lib/x86_64-linux-gnu/libxcb.so.1.1.0
7a845803d000-7a8458046000 r--p 0001f000 08:30 18410                      /usr/lib/x86_64-linux-gnu/libxcb.so.1.1.0
7a8458046000-7a8458047000 r--p 00027000 08:30 18410                      /usr/lib/x86_64-linux-gnu/libxcb.so.1.1.0
7a8458047000-7a8458048000 rw-p 00028000 08:30 18410                      /usr/lib/x86_64-linux-gnu/libxcb.so.1.1.0
7a8458048000-7a845808b000 r--p 00000000 08:30 173136                     /usr/lib/x86_64-linux-gnu/libGL.so.1.7.0
7a845808b000-7a84580aa000 r-xp 00043000 08:30 173136                     /usr/lib/x86_64-linux-gnu/libGL.so.1.7.0
7a84580aa000-7a84580bf000 r--p 00062000 08:30 173136                     /usr/lib/x86_64-linux-gnu/libGL.so.1.7.0
7a84580bf000-7a84580cd000 r--p 00076000 08:30 173136                     /usr/lib/x86_64-linux-gnu/libGL.so.1.7.0
7a84580cd000-7a84580ce000 rw-p 00084000 08:30 173136                     /usr/lib/x86_64-linux-gnu/libGL.so.1.7.0
7a84580ce000-7a84580cf000 rw-p 00000000 00:00 0 
7a84580cf000-7a84580d3000 ---p 00000000 00:00 0 
7a84580d3000-7a8458200000 rw-p 00000000 00:00 0 
7a8458200000-7a8458204000 ---p 00000000 00:00 0 
7a8458204000-7a8458300000 rw-p 00000000 00:00 0 
7a8458300000-7a8458304000 ---p 00000000 00:00 0 
7a8458304000-7a8458400000 rw-p 00000000 00:00 0 
7a8458400000-7a8458404000 ---p 00000000 00:00 0 
7a8458404000-7a8458500000 rw-p 00000000 00:00 0 
7a8458500000-7a8458504000 ---p 00000000 00:00 0 
7a8458504000-7a8458600000 rw-p 00000000 00:00 0 
7a8458600000-7a8458604000 ---p 00000000 00:00 0 
7a8458604000-7a8458700000 rw-p 00000000 00:00 0 
7a8458700000-7a8458704000 ---p 00000000 00:00 0 
7a8458704000-7a8458800000 rw-p 00000000 00:00 0 
7a8458800000-7a8458ae9000 r--p 00000000 08:30 38573                      /usr/lib/locale/locale-archive
7a8458aed000-7a8458aef000 r--p 00000000 08:30 8521                       /usr/lib/x86_64-linux-gnu/libmd.so.0.0.5
7a8458aef000-7a8458af6000 r-xp 00002000 08:30 8521                       /usr/lib/x86_64-linux-gnu/libmd.so.0.0.5
7a8458af6000-7a8458af8000 r--p 00009000 08:30 8521                       /usr/lib/x86_64-linux-gnu/libmd.so.0.0.5
7a8458af8000-7a8458af9000 r--p 0000a000 08:30 8521                       /usr/lib/x86_64-linux-gnu/libmd.so.0.0.5
7a8458af9000-7a8458afa000 rw-p 0000b000 08:30 8521                       /usr/lib/x86_64-linux-gnu/libmd.so.0.0.5
7a8458afc000-7a8458b03000 r--s 00000000 08:30 16283                      /usr/lib/x86_64-linux-gnu/gconv/gconv-modules.cache
7a8458b03000-7a8458b07000 r--p 00000000 08:30 152309                     /usr/lib/x86_64-linux-gnu/jni/libprism_es2.so
7a8458b07000-7a8458b0d000 r-xp 00004000 08:30 152309                     /usr/lib/x86_64-linux-gnu/jni/libprism_es2.so
7a8458b0d000-7a8458b10000 r--p 0000a000 08:30 152309                     /usr/lib/x86_64-linux-gnu/jni/libprism_es2.so
7a8458b10000-7a8458b11000 r--p 0000c000 08:30 152309                     /usr/lib/x86_64-linux-gnu/jni/libprism_es2.so
7a8458b11000-7a8458b12000 rw-p 0000d000 08:30 152309                     /usr/lib/x86_64-linux-gnu/jni/libprism_es2.so
7a8458b12000-7a8458b16000 ---p 00000000 00:00 0 
7a8458b16000-7a8458c12000 rw-p 00000000 00:00 0 
7a8458c12000-7a8458c16000 ---p 00000000 00:00 0 
7a8458c16000-7a8458d12000 rw-p 00000000 00:00 0 
7a8458d12000-7a8458d13000 ---p 00000000 00:00 0 
7a8458d13000-7a8458e13000 rw-p 00000000 00:00 0 
7a8458e13000-7a8458e18000 r--p 00000000 08:30 33070                      /usr/lib/jvm/java-17-openjdk-amd64/lib/libjsvml.so
7a8458e18000-7a8458e59000 r-xp 00005000 08:30 33070                      /usr/lib/jvm/java-17-openjdk-amd64/lib/libjsvml.so
7a8458e59000-7a8458ee2000 r--p 00046000 08:30 33070                      /usr/lib/jvm/java-17-openjdk-amd64/lib/libjsvml.so
7a8458ee2000-7a8458ee3000 r--p 000ce000 08:30 33070                      /usr/lib/jvm/java-17-openjdk-amd64/lib/libjsvml.so
7a8458ee3000-7a8458ee4000 rw-p 000cf000 08:30 33070                      /usr/lib/jvm/java-17-openjdk-amd64/lib/libjsvml.so
7a8458ee4000-7a8459001000 rw-p 00000000 00:00 0 
7a8459001000-7a8459003000 r--p 00000000 08:30 33098                      /usr/lib/jvm/java-17-openjdk-amd64/lib/libzip.so
7a8459003000-7a8459007000 r-xp 00002000 08:30 33098                      /usr/lib/jvm/java-17-openjdk-amd64/lib/libzip.so
7a8459007000-7a8459009000 r--p 00006000 08:30 33098                      /usr/lib/jvm/java-17-openjdk-amd64/lib/libzip.so
7a8459009000-7a845900a000 r--p 00007000 08:30 33098                      /usr/lib/jvm/java-17-openjdk-amd64/lib/libzip.so
7a845900a000-7a845900b000 rw-p 00008000 08:30 33098                      /usr/lib/jvm/java-17-openjdk-amd64/lib/libzip.so
7a845900b000-7a845900f000 r--p 00000000 08:30 33082                      /usr/lib/jvm/java-17-openjdk-amd64/lib/libnet.so
7a845900f000-7a845901d000 r-xp 00004000 08:30 33082                      /usr/lib/jvm/java-17-openjdk-amd64/lib/libnet.so
7a845901d000-7a8459021000 r--p 00012000 08:30 33082                      /usr/lib/jvm/java-17-openjdk-amd64/lib/libnet.so
7a8459021000-7a8459022000 r--p 00015000 08:30 33082                      /usr/lib/jvm/java-17-openjdk-amd64/lib/libnet.so
7a8459022000-7a8459023000 rw-p 00016000 08:30 33082                      /usr/lib/jvm/java-17-openjdk-amd64/lib/libnet.so
7a8459023000-7a8459029000 r--p 00000000 08:30 33084                      /usr/lib/jvm/java-17-openjdk-amd64/lib/libnio.so
7a8459029000-7a8459032000 r-xp 00006000 08:30 33084                      /usr/lib/jvm/java-17-openjdk-amd64/lib/libnio.so
7a8459032000-7a8459036000 r--p 0000f000 08:30 33084                      /usr/lib/jvm/java-17-openjdk-amd64/lib/libnio.so
7a8459036000-7a8459037000 r--p 00013000 08:30 33084                      /usr/lib/jvm/java-17-openjdk-amd64/lib/libnio.so
7a8459037000-7a8459038000 rw-p 00014000 08:30 33084                      /usr/lib/jvm/java-17-openjdk-amd64/lib/libnio.so
7a8459038000-7a8459039000 ---p 00000000 00:00 0 
7a8459039000-7a8459139000 rw-p 00000000 00:00 0 
7a8459139000-7a845913a000 ---p 00000000 00:00 0 
7a845913a000-7a845943c000 rw-p 00000000 00:00 0 
7a845943c000-7a845943d000 ---p 00000000 00:00 0 
7a845943d000-7a845953d000 rw-p 00000000 00:00 0 
7a845953d000-7a845953e000 ---p 00000000 00:00 0 
7a845953e000-7a845963e000 rw-p 00000000 00:00 0 
7a845963e000-7a845963f000 ---p 00000000 00:00 0 
7a845963f000-7a84597c7000 rw-p 00000000 00:00 0 
7a84597c7000-7a8459e5f000 ---p 00000000 00:00 0 
7a8459e5f000-7a8459edf000 rw-p 00000000 00:00 0 
7a8459edf000-7a845a577000 ---p 00000000 00:00 0 
7a845a577000-7a845a58e000 rw-p 00000000 00:00 0 
7a845a58e000-7a845a661000 ---p 00000000 00:00 0 
7a845a661000-7a845a671000 rw-p 00000000 00:00 0 
7a845a671000-7a845a744000 ---p 00000000 00:00 0 
7a845a744000-7a845a754000 rw-p 00000000 00:00 0 
7a845a754000-7a845a827000 ---p 00000000 00:00 0 
7a845a827000-7a845aa2f000 rw-p 00000000 00:00 0 
7a845aa2f000-7a845ab15000 ---p 00000000 00:00 0 
7a845ab15000-7a845ab1a000 rw-p 00000000 00:00 0 
7a845ab1a000-7a845ac00000 ---p 00000000 00:00 0 
7a845ac00000-7a845ac99000 r--p 00000000 08:30 15869                      /usr/lib/x86_64-linux-gnu/libstdc++.so.6.0.30
7a845ac99000-7a845ad9a000 r-xp 00099000 08:30 15869                      /usr/lib/x86_64-linux-gnu/libstdc++.so.6.0.30
7a845ad9a000-7a845ae09000 r--p 0019a000 08:30 15869                      /usr/lib/x86_64-linux-gnu/libstdc++.so.6.0.30
7a845ae09000-7a845ae14000 r--p 00209000 08:30 15869                      /usr/lib/x86_64-linux-gnu/libstdc++.so.6.0.30
7a845ae14000-7a845ae17000 rw-p 00214000 08:30 15869                      /usr/lib/x86_64-linux-gnu/libstdc++.so.6.0.30
7a845ae17000-7a845ae1a000 rw-p 00000000 00:00 0 
7a845ae1b000-7a845ae1c000 r--p 00000000 08:30 172787                     /usr/lib/x86_64-linux-gnu/libX11-xcb.so.1.0.0
7a845ae1c000-7a845ae1d000 r-xp 00001000 08:30 172787                     /usr/lib/x86_64-linux-gnu/libX11-xcb.so.1.0.0
7a845ae1d000-7a845ae1e000 r--p 00002000 08:30 172787                     /usr/lib/x86_64-linux-gnu/libX11-xcb.so.1.0.0
7a845ae1e000-7a845ae1f000 r--p 00002000 08:30 172787                     /usr/lib/x86_64-linux-gnu/libX11-xcb.so.1.0.0
7a845ae1f000-7a845ae20000 rw-p 00003000 08:30 172787                     /usr/lib/x86_64-linux-gnu/libX11-xcb.so.1.0.0
7a845ae20000-7a845ae24000 ---p 00000000 00:00 0 
7a845ae24000-7a845af20000 rw-p 00000000 00:00 0 
7a845af20000-7a845af30000 r--p 00000000 08:30 6126                       /usr/lib/x86_64-linux-gnu/libm.so.6
7a845af30000-7a845afa4000 r-xp 00010000 08:30 6126                       /usr/lib/x86_64-linux-gnu/libm.so.6
7a845afa4000-7a845affe000 r--p 00084000 08:30 6126                       /usr/lib/x86_64-linux-gnu/libm.so.6
7a845affe000-7a845afff000 r--p 000dd000 08:30 6126                       /usr/lib/x86_64-linux-gnu/libm.so.6
7a845afff000-7a845b000000 rw-p 000de000 08:30 6126                       /usr/lib/x86_64-linux-gnu/libm.so.6
7a845b000000-7a845b251000 r--p 00000000 08:30 33108                      /usr/lib/jvm/java-17-openjdk-amd64/lib/server/libjvm.so
7a845b251000-7a845bfa3000 r-xp 00251000 08:30 33108                      /usr/lib/jvm/java-17-openjdk-amd64/lib/server/libjvm.so
7a845bfa3000-7a845c225000 r--p 00fa3000 08:30 33108                      /usr/lib/jvm/java-17-openjdk-amd64/lib/server/libjvm.so
7a845c225000-7a845c2dd000 r--p 01224000 08:30 33108                      /usr/lib/jvm/java-17-openjdk-amd64/lib/server/libjvm.so
7a845c2dd000-7a845c312000 rw-p 012dc000 08:30 33108                      /usr/lib/jvm/java-17-openjdk-amd64/lib/server/libjvm.so
7a845c312000-7a845c36c000 rw-p 00000000 00:00 0 
7a845c36e000-7a845c36f000 r--p 00000000 08:30 18358                      /usr/lib/x86_64-linux-gnu/libXau.so.6.0.0
7a845c36f000-7a845c370000 r-xp 00001000 08:30 18358                      /usr/lib/x86_64-linux-gnu/libXau.so.6.0.0
7a845c370000-7a845c371000 r--p 00002000 08:30 18358                      /usr/lib/x86_64-linux-gnu/libXau.so.6.0.0
7a845c371000-7a845c372000 r--p 00002000 08:30 18358                      /usr/lib/x86_64-linux-gnu/libXau.so.6.0.0
7a845c372000-7a845c373000 rw-p 00003000 08:30 18358                      /usr/lib/x86_64-linux-gnu/libXau.so.6.0.0
7a845c373000-7a845c378000 rw-p 00000000 00:00 0 
7a845c378000-7a845c37f000 ---p 00000000 00:00 0 
7a845c37f000-7a845c38b000 r--p 00000000 08:30 33056                      /usr/lib/jvm/java-17-openjdk-amd64/lib/libjava.so
7a845c38b000-7a845c39c000 r-xp 0000c000 08:30 33056                      /usr/lib/jvm/java-17-openjdk-amd64/lib/libjava.so
7a845c39c000-7a845c3a2000 r--p 0001d000 08:30 33056                      /usr/lib/jvm/java-17-openjdk-amd64/lib/libjava.so
7a845c3a2000-7a845c3a3000 r--p 00022000 08:30 33056                      /usr/lib/jvm/java-17-openjdk-amd64/lib/libjava.so
7a845c3a3000-7a845c3a4000 rw-p 00023000 08:30 33056                      /usr/lib/jvm/java-17-openjdk-amd64/lib/libjava.so
7a845c3a4000-7a845c3a5000 rw-p 00000000 00:00 0 
7a845c3a5000-7a845c3ad000 rw-s 00000000 08:30 38370                      /tmp/hsperfdata_nael_guerard/8538
7a845c3ad000-7a845c3ae000 ---p 00000000 00:00 0 
7a845c3ae000-7a845c3af000 r--p 00000000 00:00 0 
7a845c3af000-7a845c3b2000 r--p 00000000 08:30 2802                       /usr/lib/x86_64-linux-gnu/libgcc_s.so.1
7a845c3b2000-7a845c3c9000 r-xp 00003000 08:30 2802                       /usr/lib/x86_64-linux-gnu/libgcc_s.so.1
7a845c3c9000-7a845c3cd000 r--p 0001a000 08:30 2802                       /usr/lib/x86_64-linux-gnu/libgcc_s.so.1
7a845c3cd000-7a845c3ce000 r--p 0001d000 08:30 2802                       /usr/lib/x86_64-linux-gnu/libgcc_s.so.1
7a845c3ce000-7a845c3cf000 rw-p 0001e000 08:30 2802                       /usr/lib/x86_64-linux-gnu/libgcc_s.so.1
7a845c3cf000-7a845c3d1000 rw-p 00000000 00:00 0 
7a845c3d1000-7a845c3f7000 r--p 00000000 08:30 5533                       /usr/lib/x86_64-linux-gnu/libc.so.6
7a845c3f7000-7a845c54d000 r-xp 00026000 08:30 5533                       /usr/lib/x86_64-linux-gnu/libc.so.6
7a845c54d000-7a845c5a0000 r--p 0017c000 08:30 5533                       /usr/lib/x86_64-linux-gnu/libc.so.6
7a845c5a0000-7a845c5a4000 r--p 001cf000 08:30 5533                       /usr/lib/x86_64-linux-gnu/libc.so.6
7a845c5a4000-7a845c5a6000 rw-p 001d3000 08:30 5533                       /usr/lib/x86_64-linux-gnu/libc.so.6
7a845c5a6000-7a845c5b3000 rw-p 00000000 00:00 0 
7a845c5b3000-7a845c5b5000 r--p 00000000 08:30 33064                      /usr/lib/jvm/java-17-openjdk-amd64/lib/libjli.so
7a845c5b5000-7a845c5be000 r-xp 00002000 08:30 33064                      /usr/lib/jvm/java-17-openjdk-amd64/lib/libjli.so
7a845c5be000-7a845c5c1000 r--p 0000b000 08:30 33064                      /usr/lib/jvm/java-17-openjdk-amd64/lib/libjli.so
7a845c5c1000-7a845c5c2000 r--p 0000d000 08:30 33064                      /usr/lib/jvm/java-17-openjdk-amd64/lib/libjli.so
7a845c5c2000-7a845c5c3000 rw-p 0000e000 08:30 33064                      /usr/lib/jvm/java-17-openjdk-amd64/lib/libjli.so
7a845c5c3000-7a845c5c6000 r--p 00000000 08:30 9729                       /usr/lib/x86_64-linux-gnu/libz.so.1.2.13
7a845c5c6000-7a845c5d9000 r-xp 00003000 08:30 9729                       /usr/lib/x86_64-linux-gnu/libz.so.1.2.13
7a845c5d9000-7a845c5e0000 r--p 00016000 08:30 9729                       /usr/lib/x86_64-linux-gnu/libz.so.1.2.13
7a845c5e0000-7a845c5e1000 r--p 0001c000 08:30 9729                       /usr/lib/x86_64-linux-gnu/libz.so.1.2.13
7a845c5e1000-7a845c5e2000 rw-p 0001d000 08:30 9729                       /usr/lib/x86_64-linux-gnu/libz.so.1.2.13
7a845c5e2000-7a845c5e3000 ---p 00000000 00:00 0 
7a845c5e3000-7a845c5e5000 r--p 00000000 08:30 33062                      /usr/lib/jvm/java-17-openjdk-amd64/lib/libjimage.so
7a845c5e5000-7a845c5e8000 r-xp 00002000 08:30 33062                      /usr/lib/jvm/java-17-openjdk-amd64/lib/libjimage.so
7a845c5e8000-7a845c5e9000 r--p 00005000 08:30 33062                      /usr/lib/jvm/java-17-openjdk-amd64/lib/libjimage.so
7a845c5e9000-7a845c5ea000 r--p 00006000 08:30 33062                      /usr/lib/jvm/java-17-openjdk-amd64/lib/libjimage.so
7a845c5ea000-7a845c5eb000 rw-p 00007000 08:30 33062                      /usr/lib/jvm/java-17-openjdk-amd64/lib/libjimage.so
7a845c5eb000-7a845c5ed000 rw-p 00000000 00:00 0 
7a845c5ed000-7a845c5ee000 r--p 00000000 08:30 5417                       /usr/lib/x86_64-linux-gnu/ld-linux-x86-64.so.2
7a845c5ee000-7a845c614000 r-xp 00001000 08:30 5417                       /usr/lib/x86_64-linux-gnu/ld-linux-x86-64.so.2
7a845c614000-7a845c61e000 r--p 00027000 08:30 5417                       /usr/lib/x86_64-linux-gnu/ld-linux-x86-64.so.2
7a845c61e000-7a845c620000 r--p 00031000 08:30 5417                       /usr/lib/x86_64-linux-gnu/ld-linux-x86-64.so.2
7a845c620000-7a845c622000 rw-p 00033000 08:30 5417                       /usr/lib/x86_64-linux-gnu/ld-linux-x86-64.so.2
7fff65975000-7fff65996000 rw-p 00000000 00:00 0                          [stack]
7fff659e3000-7fff659e7000 r--p 00000000 00:00 0                          [vvar]
7fff659e7000-7fff659e9000 r-xp 00000000 00:00 0                          [vdso]


VM Arguments:
jvm_args: --module-path=/usr/share/openjfx/lib --add-modules=javafx.controls 
java_command: com.pay.PaymentApp
java_class_path (initial): bin
Launcher Type: SUN_STANDARD

[Global flags]
     intx CICompilerCount                          = 2                                         {product} {ergonomic}
     uint ConcGCThreads                            = 1                                         {product} {ergonomic}
     uint G1ConcRefinementThreads                  = 2                                         {product} {ergonomic}
   size_t G1HeapRegionSize                         = 1048576                                   {product} {ergonomic}
    uintx GCDrainStackTargetSize                   = 64                                        {product} {ergonomic}
   size_t InitialHeapSize                          = 31457280                                  {product} {ergonomic}
   size_t MarkStackSize                            = 4194304                                   {product} {ergonomic}
   size_t MaxHeapSize                              = 476053504                                 {product} {ergonomic}
   size_t MaxNewSize                               = 285212672                                 {product} {ergonomic}
   size_t MinHeapDeltaBytes                        = 1048576                                   {product} {ergonomic}
   size_t MinHeapSize                              = 8388608                                   {product} {ergonomic}
    uintx NonNMethodCodeHeapSize                   = 5826188                                {pd product} {ergonomic}
    uintx NonProfiledCodeHeapSize                  = 122916026                              {pd product} {ergonomic}
    uintx ProfiledCodeHeapSize                     = 122916026                              {pd product} {ergonomic}
    uintx ReservedCodeCacheSize                    = 251658240                              {pd product} {ergonomic}
     bool SegmentedCodeCache                       = true                                      {product} {ergonomic}
   size_t SoftMaxHeapSize                          = 476053504                              {manageable} {ergonomic}
     bool UseCompressedClassPointers               = true                           {product lp64_product} {ergonomic}
     bool UseCompressedOops                        = true                           {product lp64_product} {ergonomic}
     bool UseG1GC                                  = true                                      {product} {ergonomic}

Logging:
Log output configuration:
 #0: stdout all=warning uptime,level,tags
 #1: stderr all=off uptime,level,tags

Environment Variables:
PATH=/home/nael_guerard/.opam/4.14.1/bin:/home/nael_guerard/.nvm/versions/node/v22.21.0/bin:/opt/cmake/bin:/usr/local/bin:/usr/local/sbin:/usr/local/bin:/usr/sbin:/usr/bin:/sbin:/bin:/usr/games:/usr/local/games:/usr/lib/wsl/lib:/mnt/c/Program Files/WindowsApps/MicrosoftCorporationII.WindowsSubsystemForLinux_2.6.3.0_x64__8wekyb3d8bbwe:/mnt/c/Windows/system32:/mnt/c/Windows:/mnt/c/Windows/System32/Wbem:/mnt/c/Windows/System32/WindowsPowerShell/v1.0/:/mnt/c/Windows/System32/OpenSSH/:/mnt/c/ProgramData/chocolatey/bin:/mnt/c/Program Files/nodejs/:/mnt/c/Users/nael2/AppData/Local/Programs/Python/Python313/Scripts/:/mnt/c/Users/nael2/AppData/Local/Programs/Python/Python313/:/mnt/c/Users/nael2/AppData/Local/Microsoft/WindowsApps:/mnt/c/Users/nael2/AppData/Local/Programs/Microsoft VS Code/bin:/mnt/c/Users/nael2/AppData/Roaming/TinyTeX/bin/windows:/mnt/c/Users/nael2/AppData/Roaming/npm:/mnt/c/Users/nael2/AppData/Local/Android/Sdk/platform-tools
SHELL=/bin/bash
DISPLAY=172.30.173.61:0.0
HOSTTYPE=x86_64
LANG=en_US.UTF-8
TERM=xterm-256color

Active Locale:
LC_ALL=en_US.UTF-8
LC_COLLATE=en_US.UTF-8
LC_CTYPE=en_US.UTF-8
LC_MESSAGES=en_US.UTF-8
LC_MONETARY=en_US.UTF-8
LC_NUMERIC=en_US.UTF-8
LC_TIME=en_US.UTF-8

Signal Handlers:
   SIGSEGV: crash_handler in libjvm.so, mask=11100100010111111101111111111110, flags=SA_RESTART|SA_SIGINFO, unblocked
    SIGBUS: crash_handler in libjvm.so, mask=11100100010111111101111111111110, flags=SA_RESTART|SA_SIGINFO, unblocked
    SIGFPE: crash_handler in libjvm.so, mask=11100100010111111101111111111110, flags=SA_RESTART|SA_SIGINFO, unblocked
   SIGPIPE: javaSignalHandler in libjvm.so, mask=11100100010111111101111111111110, flags=SA_RESTART|SA_SIGINFO, blocked
   SIGXFSZ: javaSignalHandler in libjvm.so, mask=11100100010111111101111111111110, flags=SA_RESTART|SA_SIGINFO, blocked
    SIGILL: crash_handler in libjvm.so, mask=11100100010111111101111111111110, flags=SA_RESTART|SA_SIGINFO, unblocked
   SIGUSR2: SR_handler in libjvm.so, mask=00000000000000000000000000000000, flags=SA_RESTART|SA_SIGINFO, blocked
    SIGHUP: UserHandler in libjvm.so, mask=11100100010111111101111111111110, flags=SA_RESTART|SA_SIGINFO, blocked
    SIGINT: UserHandler in libjvm.so, mask=11100100010111111101111111111110, flags=SA_RESTART|SA_SIGINFO, blocked
   SIGTERM: UserHandler in libjvm.so, mask=11100100010111111101111111111110, flags=SA_RESTART|SA_SIGINFO, blocked
   SIGQUIT: UserHandler in libjvm.so, mask=11100100010111111101111111111110, flags=SA_RESTART|SA_SIGINFO, blocked
   SIGTRAP: crash_handler in libjvm.so, mask=11100100010111111101111111111110, flags=SA_RESTART|SA_SIGINFO, unblocked


Periodic native trim disabled


---------------  S Y S T E M  ---------------

OS:
PRETTY_NAME="Debian GNU/Linux 12 (bookworm)"
NAME="Debian GNU/Linux"
VERSION_ID="12"
VERSION="12 (bookworm)"
VERSION_CODENAME=bookworm
ID=debian
HOME_URL="https://www.debian.org/"
SUPPORT_URL="https://www.debian.org/support"
BUG_REPORT_URL="https://bugs.debian.org/"
uname: Linux 6.6.87.2-microsoft-standard-WSL2 #1 SMP PREEMPT_DYNAMIC Thu Jun  5 18:30:46 UTC 2025 x86_64
OS uptime: 0 days 2:41 hours
libc: glibc 2.36 NPTL 2.36 
rlimit (soft/hard): STACK 8192k/infinity , CORE 0k/infinity , NPROC 7219/7219 , NOFILE 1048576/1048576 , AS infinity/infinity , CPU infinity/infinity , DATA infinity/infinity , FSIZE infinity/infinity , MEMLOCK 65536k/65536k
load average: 0.42 0.40 0.45

/proc/meminfo:
MemTotal:        1858304 kB
MemFree:           55580 kB
MemAvailable:     190768 kB
Buffers:            3912 kB
Cached:           188676 kB
SwapCached:        20128 kB
Active:           552380 kB
Inactive:         995760 kB
Active(anon):     457228 kB
Inactive(anon):   900648 kB
Active(file):      95152 kB
Inactive(file):    95112 kB
Unevictable:           0 kB
Mlocked:               0 kB
SwapTotal:       1048576 kB
SwapFree:         373088 kB
Dirty:               184 kB
Writeback:            32 kB
AnonPages:       1346352 kB
Mapped:            98848 kB
Shmem:              2244 kB
KReclaimable:      14004 kB
Slab:              43172 kB
SReclaimable:      14004 kB
SUnreclaim:        29168 kB
KernelStack:        4080 kB
PageTables:        20920 kB
SecPageTables:         0 kB
NFS_Unstable:          0 kB
Bounce:                0 kB
WritebackTmp:          0 kB
CommitLimit:     1977728 kB
Committed_AS:    2056388 kB
VmallocTotal:   34359738367 kB
VmallocUsed:       26884 kB
VmallocChunk:          0 kB
Percpu:              576 kB
HardwareCorrupted:     0 kB
AnonHugePages:         0 kB
ShmemHugePages:        0 kB
ShmemPmdMapped:        0 kB
FileHugePages:         0 kB
FilePmdMapped:         0 kB
Unaccepted:            0 kB
HugePages_Total:       0
HugePages_Free:        0
HugePages_Rsvd:        0
HugePages_Surp:        0
Hugepagesize:       2048 kB
Hugetlb:               0 kB
DirectMap4k:       23552 kB
DirectMap2M:     1980416 kB
DirectMap1G:     8388608 kB

/sys/kernel/mm/transparent_hugepage/enabled: always [madvise] never
/sys/kernel/mm/transparent_hugepage/hpage_pmd_size: 2097152
/sys/kernel/mm/transparent_hugepage/defrag (defrag/compaction efforts parameter): always defer defer+madvise [madvise] never

Process Memory:
Virtual Size: 3292476K (peak: 3292476K)
Resident Set Size: 110684K (peak: 110684K) (anon: 43176K, file: 67508K, shmem: 0K)
Swapped out: 0K
C-Heap outstanding allocations: 14306K, retained: 1717K
glibc malloc tunables: (default)

/proc/sys/kernel/threads-max (system-wide limit on the number of threads): 14439
/proc/sys/vm/max_map_count (maximum number of memory map areas a process may have): 65530
/proc/sys/vm/swappiness (control to define how aggressively the kernel swaps out anonymous memory): 60
/proc/sys/kernel/pid_max (system-wide limit on number of process identifiers): 32768

container (cgroup) information:
container_type: cgroupv2
cpu_cpuset_cpus: not supported
cpu_memory_nodes: not supported
active_processor_count: 2
cpu_quota: not supported
cpu_period: not supported
cpu_shares: not supported
memory_limit_in_bytes: not supported
memory_and_swap_limit_in_bytes: not supported
memory_soft_limit_in_bytes: not supported
memory_usage_in_bytes: not supported
memory_max_usage_in_bytes: not supported
rss_usage_in_bytes: 1346412 k
cache_usage_in_bytes: 192592 k
memory_swap_current_in_bytes: not supported
memory_swap_max_limit_in_bytes: not supported
maximum number of tasks: not supported
current number of tasks: not supported

Hyper-V virtualization detected
Steal ticks since vm start: 0
Steal ticks percentage since vm start:  0.000

CPU: total 2 (initial active 2) (2 cores per cpu, 1 threads per core) family 6 model 122 stepping 8 microcode 0xffffffff, cx8, cmov, fxsr, mmx, 3dnowpref, sse, sse2, sse3, ssse3, sse4.1, sse4.2, popcnt, tsc, tscinvbit, aes, erms, clmul, sha, clflush, clflushopt, hv
CPU Model and flags from /proc/cpuinfo:
model name	: Intel(R) Celeron(R) N4020 CPU @ 1.10GHz
flags		: fpu vme de pse tsc msr pae mce cx8 apic sep mtrr pge mca cmov pat pse36 clflush mmx fxsr sse sse2 ss ht syscall nx pdpe1gb rdtscp lm constant_tsc arch_perfmon rep_good nopl xtopology tsc_reliable nonstop_tsc cpuid tsc_known_freq pni pclmulqdq vmx ssse3 cx16 pdcm sse4_1 sse4_2 x2apic movbe popcnt tsc_deadline_timer aes xsave rdrand hypervisor lahf_lm 3dnowprefetch ssbd ibrs ibpb stibp ibrs_enhanced tpr_shadow ept vpid ept_ad fsgsbase tsc_adjust smep erms rdseed smap clflushopt sha_ni xsaveopt xsavec xgetbv1 xsaves vnmi umip rdpid md_clear arch_capabilities

Online cpus: 0-1
Offline cpus: 
BIOS frequency limitation: <Not Available>
Frequency switch latency (ns): <Not Available>
Available cpu frequencies: <Not Available>
Current governor: <Not Available>
Core performance/turbo boost: <Not Available>

Memory: 4k page, physical 1858304k(55580k free), swap 1048576k(373088k free)
Page Sizes: 4k

vm_info: OpenJDK 64-Bit Server VM (17.0.17+10-Debian-1deb12u1) for linux-amd64 JRE (17.0.17+10-Debian-1deb12u1), built on Oct 23 2025 11:13:05 by "buildd" with gcc 12.2.0

END.
